[2026-03-04 01:41:56] Starting dataset build.
[2026-03-04 01:41:56] Stage A1: base laps already present; skipping.
[2026-03-04 01:41:56] Stage A2: shifts already present for Oval_Track_260m; skipping.
[2026-03-04 01:41:56] Stage B: target accepted repairs for Oval_Track_260m (target=0)
[2026-03-04 01:41:56] RUN: /home/saveas/.conda/envs/DT_trajopt/bin/python -u data/build_repair_segments.py --map-file maps/Oval_Track_260m.mat --base-laps-dir data/base_laps --output-dir data/datasets/Oval_Track_260m_repairs --num-segments 0 --seed 0 --H 20 --save-every 10 --resume
Done. accepted=84/0 attempts=140 elapsed=0.0s
[2026-03-04 01:42:00] Stage B complete for Oval_Track_260m. accepted=84/0
[2026-03-04 01:42:00] Stage B2: target accepted hard repairs for Oval_Track_260m (target=200)
[2026-03-04 01:42:00] Stage B2 chunk for Oval_Track_260m: accepted=69/200, next_target=94
[2026-03-04 01:42:00] RUN: /home/saveas/.conda/envs/DT_trajopt/bin/python -u data/build_repair_segments.py --map-file maps/Oval_Track_260m.mat --base-laps-dir data/base_laps --output-dir data/datasets/Oval_Track_260m_repairs_hard --num-segments 94 --seed 0 --H 20 --save-every 10 --resume --hard-mode --uy-perturb-mps 0.15 --r-perturb-radps 0.08 --hotspot-json data/hotspots/all_tracks_hotspots.json

******************************************************************************
This program contains Ipopt, a library for large-scale nonlinear optimization.
 Ipopt is released as open source code under the Eclipse Public License (EPL).
         For more information visit https://github.com/coin-or/Ipopt
******************************************************************************

[accepted 70/94] attempts=142/470 elapsed=9.7s
[attempt 150/470] repairs accepted=74/94 elapsed=64.7s
[attempt 160/470] repairs accepted=79/94 elapsed=156.8s
[accepted 80/94] attempts=161/470 elapsed=170.1s
[attempt 170/470] repairs accepted=86/94 elapsed=221.5s
[attempt 180/470] repairs accepted=89/94 elapsed=294.9s
[accepted 90/94] attempts=182/470 elapsed=314.4s
Done. accepted=94/94 attempts=189/470 elapsed=344.0s
[2026-03-04 01:47:55] Stage B2 chunk for Oval_Track_260m: accepted=94/200, next_target=119
[2026-03-04 01:47:55] RUN: /home/saveas/.conda/envs/DT_trajopt/bin/python -u data/build_repair_segments.py --map-file maps/Oval_Track_260m.mat --base-laps-dir data/base_laps --output-dir data/datasets/Oval_Track_260m_repairs_hard --num-segments 119 --seed 0 --H 20 --save-every 10 --resume --hard-mode --uy-perturb-mps 0.15 --r-perturb-radps 0.08 --hotspot-json data/hotspots/all_tracks_hotspots.json
[attempt 190/595] repairs accepted=94/119 elapsed=0.0s

******************************************************************************
This program contains Ipopt, a library for large-scale nonlinear optimization.
 Ipopt is released as open source code under the Eclipse Public License (EPL).
         For more information visit https://github.com/coin-or/Ipopt
******************************************************************************

[attempt 200/595] repairs accepted=97/119 elapsed=100.1s
[accepted 100/119] attempts=206/595 elapsed=143.0s
[attempt 210/595] repairs accepted=103/119 elapsed=158.6s
[attempt 220/595] repairs accepted=107/119 elapsed=256.7s
[accepted 110/119] attempts=222/595 elapsed=266.1s
[attempt 230/595] repairs accepted=111/119 elapsed=337.6s
[attempt 240/595] repairs accepted=114/119 elapsed=423.6s
[attempt 250/595] repairs accepted=117/119 elapsed=496.7s
Done. accepted=119/119 attempts=251/595 elapsed=510.7s
[2026-03-04 01:56:42] Stage B2 chunk for Oval_Track_260m: accepted=119/200, next_target=144
[2026-03-04 01:56:42] RUN: /home/saveas/.conda/envs/DT_trajopt/bin/python -u data/build_repair_segments.py --map-file maps/Oval_Track_260m.mat --base-laps-dir data/base_laps --output-dir data/datasets/Oval_Track_260m_repairs_hard --num-segments 144 --seed 0 --H 20 --save-every 10 --resume --hard-mode --uy-perturb-mps 0.15 --r-perturb-radps 0.08 --hotspot-json data/hotspots/all_tracks_hotspots.json

******************************************************************************
This program contains Ipopt, a library for large-scale nonlinear optimization.
 Ipopt is released as open source code under the Eclipse Public License (EPL).
         For more information visit https://github.com/coin-or/Ipopt
******************************************************************************

[accepted 120/144] attempts=256/720 elapsed=25.0s
[attempt 260/720] repairs accepted=122/144 elapsed=45.1s
[attempt 270/720] repairs accepted=127/144 elapsed=109.5s
[accepted 130/144] attempts=272/720 elapsed=129.8s
[attempt 280/720] repairs accepted=135/144 elapsed=178.1s
[accepted 140/144] attempts=288/720 elapsed=232.5s
[attempt 290/720] repairs accepted=141/144 elapsed=236.2s
Done. accepted=144/144 attempts=294/720 elapsed=283.6s
[2026-03-04 02:01:36] Stage B2 chunk for Oval_Track_260m: accepted=144/200, next_target=169
[2026-03-04 02:01:36] RUN: /home/saveas/.conda/envs/DT_trajopt/bin/python -u data/build_repair_segments.py --map-file maps/Oval_Track_260m.mat --base-laps-dir data/base_laps --output-dir data/datasets/Oval_Track_260m_repairs_hard --num-segments 169 --seed 0 --H 20 --save-every 10 --resume --hard-mode --uy-perturb-mps 0.15 --r-perturb-radps 0.08 --hotspot-json data/hotspots/all_tracks_hotspots.json

******************************************************************************
This program contains Ipopt, a library for large-scale nonlinear optimization.
 Ipopt is released as open source code under the Eclipse Public License (EPL).
         For more information visit https://github.com/coin-or/Ipopt
******************************************************************************

[attempt 300/845] repairs accepted=145/169 elapsed=51.7s
[attempt 310/845] repairs accepted=149/169 elapsed=131.3s
[accepted 150/169] attempts=312/845 elapsed=154.3s
[attempt 320/845] repairs accepted=155/169 elapsed=190.4s
[attempt 330/845] repairs accepted=159/169 elapsed=259.5s
[accepted 160/169] attempts=333/845 elapsed=296.4s
[attempt 340/845] repairs accepted=162/169 elapsed=335.8s
Done. accepted=169/169 attempts=348/845 elapsed=392.6s
[2026-03-04 02:08:21] Stage B2 chunk for Oval_Track_260m: accepted=169/200, next_target=194
[2026-03-04 02:08:21] RUN: /home/saveas/.conda/envs/DT_trajopt/bin/python -u data/build_repair_segments.py --map-file maps/Oval_Track_260m.mat --base-laps-dir data/base_laps --output-dir data/datasets/Oval_Track_260m_repairs_hard --num-segments 194 --seed 0 --H 20 --save-every 10 --resume --hard-mode --uy-perturb-mps 0.15 --r-perturb-radps 0.08 --hotspot-json data/hotspots/all_tracks_hotspots.json

******************************************************************************
This program contains Ipopt, a library for large-scale nonlinear optimization.
 Ipopt is released as open source code under the Eclipse Public License (EPL).
         For more information visit https://github.com/coin-or/Ipopt
******************************************************************************

[attempt 350/970] repairs accepted=169/194 elapsed=5.2s
[accepted 170/194] attempts=350/970 elapsed=9.5s
[attempt 360/970] repairs accepted=175/194 elapsed=60.9s
[attempt 370/970] repairs accepted=179/194 elapsed=138.0s
[accepted 180/194] attempts=370/970 elapsed=141.9s
[attempt 380/970] repairs accepted=186/194 elapsed=187.8s
[attempt 390/970] repairs accepted=189/194 elapsed=271.1s
[accepted 190/194] attempts=393/970 elapsed=303.7s
[attempt 400/970] repairs accepted=193/194 elapsed=358.1s
Done. accepted=194/194 attempts=400/970 elapsed=366.5s
[2026-03-04 02:14:40] Stage B2 chunk for Oval_Track_260m: accepted=194/200, next_target=200
[2026-03-04 02:14:40] RUN: /home/saveas/.conda/envs/DT_trajopt/bin/python -u data/build_repair_segments.py --map-file maps/Oval_Track_260m.mat --base-laps-dir data/base_laps --output-dir data/datasets/Oval_Track_260m_repairs_hard --num-segments 200 --seed 0 --H 20 --save-every 10 --resume --hard-mode --uy-perturb-mps 0.15 --r-perturb-radps 0.08 --hotspot-json data/hotspots/all_tracks_hotspots.json

******************************************************************************
This program contains Ipopt, a library for large-scale nonlinear optimization.
 Ipopt is released as open source code under the Eclipse Public License (EPL).
         For more information visit https://github.com/coin-or/Ipopt
******************************************************************************

[attempt 410/1000] repairs accepted=198/200 elapsed=80.2s
[accepted 200/200] attempts=412/1000 elapsed=100.6s
Done. accepted=200/200 attempts=412/1000 elapsed=100.6s
[2026-03-04 02:16:25] Stage B2 complete for Oval_Track_260m. accepted=200/200
[2026-03-04 02:16:25] Stage A2: shifts already present for TRACK1_280m; skipping.
[2026-03-04 02:16:25] Stage B: target accepted repairs for TRACK1_280m (target=0)
[2026-03-04 02:16:25] RUN: /home/saveas/.conda/envs/DT_trajopt/bin/python -u data/build_repair_segments.py --map-file maps/TRACK1_280m.mat --base-laps-dir data/base_laps --output-dir data/datasets/TRACK1_280m_repairs --num-segments 0 --seed 0 --H 20 --save-every 10 --resume
Done. accepted=84/0 attempts=152 elapsed=0.0s
[2026-03-04 02:16:26] Stage B complete for TRACK1_280m. accepted=84/0
[2026-03-04 02:16:26] Stage B2: target accepted hard repairs for TRACK1_280m (target=200)
[2026-03-04 02:16:26] Stage B2 chunk for TRACK1_280m: accepted=0/200, next_target=25
[2026-03-04 02:16:26] RUN: /home/saveas/.conda/envs/DT_trajopt/bin/python -u data/build_repair_segments.py --map-file maps/TRACK1_280m.mat --base-laps-dir data/base_laps --output-dir data/datasets/TRACK1_280m_repairs_hard --num-segments 25 --seed 0 --H 20 --save-every 10 --resume --hard-mode --uy-perturb-mps 0.15 --r-perturb-radps 0.08 --hotspot-json data/hotspots/all_tracks_hotspots.json

******************************************************************************
This program contains Ipopt, a library for large-scale nonlinear optimization.
 Ipopt is released as open source code under the Eclipse Public License (EPL).
         For more information visit https://github.com/coin-or/Ipopt
******************************************************************************

[attempt 10/125] repairs accepted=1/25 elapsed=90.1s
[attempt 20/125] repairs accepted=7/25 elapsed=141.4s
[accepted 10/25] attempts=26/125 elapsed=199.1s
[attempt 30/125] repairs accepted=10/25 elapsed=226.7s
[attempt 40/125] repairs accepted=15/25 elapsed=310.9s
[attempt 50/125] repairs accepted=19/25 elapsed=389.0s
[accepted 20/25] attempts=50/125 elapsed=393.4s
[attempt 60/125] repairs accepted=22/25 elapsed=471.0s
Done. accepted=25/25 attempts=63/125 elapsed=500.9s
[2026-03-04 02:25:02] Stage B2 chunk for TRACK1_280m: accepted=25/200, next_target=50
[2026-03-04 02:25:02] RUN: /home/saveas/.conda/envs/DT_trajopt/bin/python -u data/build_repair_segments.py --map-file maps/TRACK1_280m.mat --base-laps-dir data/base_laps --output-dir data/datasets/TRACK1_280m_repairs_hard --num-segments 50 --seed 0 --H 20 --save-every 10 --resume --hard-mode --uy-perturb-mps 0.15 --r-perturb-radps 0.08 --hotspot-json data/hotspots/all_tracks_hotspots.json

******************************************************************************
This program contains Ipopt, a library for large-scale nonlinear optimization.
 Ipopt is released as open source code under the Eclipse Public License (EPL).
         For more information visit https://github.com/coin-or/Ipopt
******************************************************************************

[attempt 70/250] repairs accepted=28/50 elapsed=41.2s
[accepted 30/50] attempts=73/250 elapsed=69.1s
[attempt 80/250] repairs accepted=32/50 elapsed=126.5s
[attempt 90/250] repairs accepted=36/50 elapsed=194.8s
[accepted 40/50] attempts=97/250 elapsed=253.7s
[attempt 100/250] repairs accepted=42/50 elapsed=270.7s
[attempt 110/250] repairs accepted=48/50 elapsed=347.2s
[accepted 50/50] attempts=111/250 elapsed=355.7s
Done. accepted=50/50 attempts=111/250 elapsed=355.7s
[2026-03-04 02:31:10] Stage B2 chunk for TRACK1_280m: accepted=50/200, next_target=75
[2026-03-04 02:31:10] RUN: /home/saveas/.conda/envs/DT_trajopt/bin/python -u data/build_repair_segments.py --map-file maps/TRACK1_280m.mat --base-laps-dir data/base_laps --output-dir data/datasets/TRACK1_280m_repairs_hard --num-segments 75 --seed 0 --H 20 --save-every 10 --resume --hard-mode --uy-perturb-mps 0.15 --r-perturb-radps 0.08 --hotspot-json data/hotspots/all_tracks_hotspots.json

******************************************************************************
This program contains Ipopt, a library for large-scale nonlinear optimization.
 Ipopt is released as open source code under the Eclipse Public License (EPL).
         For more information visit https://github.com/coin-or/Ipopt
******************************************************************************

[attempt 120/375] repairs accepted=53/75 elapsed=47.2s
[attempt 130/375] repairs accepted=58/75 elapsed=111.3s
[accepted 60/75] attempts=136/375 elapsed=188.5s
[attempt 140/375] repairs accepted=61/75 elapsed=212.8s
[attempt 150/375] repairs accepted=65/75 elapsed=280.7s
[accepted 70/75] attempts=158/375 elapsed=362.0s
[attempt 160/375] repairs accepted=71/75 elapsed=371.0s
Done. accepted=75/75 attempts=168/375 elapsed=437.1s
[2026-03-04 02:38:40] Stage B2 chunk for TRACK1_280m: accepted=75/200, next_target=100
[2026-03-04 02:38:40] RUN: /home/saveas/.conda/envs/DT_trajopt/bin/python -u data/build_repair_segments.py --map-file maps/TRACK1_280m.mat --base-laps-dir data/base_laps --output-dir data/datasets/TRACK1_280m_repairs_hard --num-segments 100 --seed 0 --H 20 --save-every 10 --resume --hard-mode --uy-perturb-mps 0.15 --r-perturb-radps 0.08 --hotspot-json data/hotspots/all_tracks_hotspots.json

******************************************************************************
This program contains Ipopt, a library for large-scale nonlinear optimization.
 Ipopt is released as open source code under the Eclipse Public License (EPL).
         For more information visit https://github.com/coin-or/Ipopt
******************************************************************************

[attempt 170/500] repairs accepted=75/100 elapsed=5.0s
[attempt 180/500] repairs accepted=77/100 elapsed=73.5s
[accepted 80/100] attempts=183/500 elapsed=96.0s
[attempt 190/500] repairs accepted=83/100 elapsed=124.2s
[attempt 200/500] repairs accepted=87/100 elapsed=228.2s
[accepted 90/100] attempts=204/500 elapsed=249.9s
[attempt 210/500] repairs accepted=92/100 elapsed=288.1s
[attempt 220/500] repairs accepted=98/100 elapsed=377.8s
[accepted 100/100] attempts=223/500 elapsed=404.3s
Done. accepted=100/100 attempts=223/500 elapsed=404.3s
[2026-03-04 02:45:38] Stage B2 chunk for TRACK1_280m: accepted=100/200, next_target=125
[2026-03-04 02:45:38] RUN: /home/saveas/.conda/envs/DT_trajopt/bin/python -u data/build_repair_segments.py --map-file maps/TRACK1_280m.mat --base-laps-dir data/base_laps --output-dir data/datasets/TRACK1_280m_repairs_hard --num-segments 125 --seed 0 --H 20 --save-every 10 --resume --hard-mode --uy-perturb-mps 0.15 --r-perturb-radps 0.08 --hotspot-json data/hotspots/all_tracks_hotspots.json

******************************************************************************
This program contains Ipopt, a library for large-scale nonlinear optimization.
 Ipopt is released as open source code under the Eclipse Public License (EPL).
         For more information visit https://github.com/coin-or/Ipopt
******************************************************************************

[attempt 230/625] repairs accepted=101/125 elapsed=53.7s
[attempt 240/625] repairs accepted=106/125 elapsed=140.2s
[accepted 110/125] attempts=246/625 elapsed=188.3s
[attempt 250/625] repairs accepted=111/125 elapsed=205.4s
[attempt 260/625] repairs accepted=114/125 elapsed=272.6s
[attempt 270/625] repairs accepted=117/125 elapsed=339.9s
[accepted 120/125] attempts=274/625 elapsed=374.6s
[attempt 280/625] repairs accepted=122/125 elapsed=406.9s
Done. accepted=125/125 attempts=284/625 elapsed=439.2s
[2026-03-04 02:53:10] Stage B2 chunk for TRACK1_280m: accepted=125/200, next_target=150
[2026-03-04 02:53:10] RUN: /home/saveas/.conda/envs/DT_trajopt/bin/python -u data/build_repair_segments.py --map-file maps/TRACK1_280m.mat --base-laps-dir data/base_laps --output-dir data/datasets/TRACK1_280m_repairs_hard --num-segments 150 --seed 0 --H 20 --save-every 10 --resume --hard-mode --uy-perturb-mps 0.15 --r-perturb-radps 0.08 --hotspot-json data/hotspots/all_tracks_hotspots.json

******************************************************************************
This program contains Ipopt, a library for large-scale nonlinear optimization.
 Ipopt is released as open source code under the Eclipse Public License (EPL).
         For more information visit https://github.com/coin-or/Ipopt
******************************************************************************

[attempt 290/750] repairs accepted=128/150 elapsed=27.0s
[accepted 130/150] attempts=294/750 elapsed=72.7s
[attempt 300/750] repairs accepted=132/150 elapsed=122.2s
[attempt 310/750] repairs accepted=134/150 elapsed=201.1s
[accepted 140/150] attempts=318/750 elapsed=248.6s
[attempt 320/750] repairs accepted=140/150 elapsed=259.9s
[attempt 330/750] repairs accepted=143/150 elapsed=332.1s
[attempt 340/750] repairs accepted=148/150 elapsed=403.9s
[accepted 150/150] attempts=343/750 elapsed=431.9s
Done. accepted=150/150 attempts=343/750 elapsed=431.9s
[2026-03-04 03:00:35] Stage B2 chunk for TRACK1_280m: accepted=150/200, next_target=175
[2026-03-04 03:00:35] RUN: /home/saveas/.conda/envs/DT_trajopt/bin/python -u data/build_repair_segments.py --map-file maps/TRACK1_280m.mat --base-laps-dir data/base_laps --output-dir data/datasets/TRACK1_280m_repairs_hard --num-segments 175 --seed 0 --H 20 --save-every 10 --resume --hard-mode --uy-perturb-mps 0.15 --r-perturb-radps 0.08 --hotspot-json data/hotspots/all_tracks_hotspots.json

******************************************************************************
This program contains Ipopt, a library for large-scale nonlinear optimization.
 Ipopt is released as open source code under the Eclipse Public License (EPL).
         For more information visit https://github.com/coin-or/Ipopt
******************************************************************************

[attempt 350/875] repairs accepted=152/175 elapsed=41.0s
[attempt 360/875] repairs accepted=155/175 elapsed=97.6s
[attempt 370/875] repairs accepted=159/175 elapsed=166.1s
[accepted 160/175] attempts=371/875 elapsed=175.1s
[attempt 380/875] repairs accepted=163/175 elapsed=215.7s
[attempt 390/875] repairs accepted=164/175 elapsed=300.8s
[attempt 400/875] repairs accepted=167/175 elapsed=387.9s
[attempt 410/875] repairs accepted=168/175 elapsed=485.0s
[accepted 170/175] attempts=412/875 elapsed=504.2s
[attempt 420/875] repairs accepted=174/175 elapsed=555.8s
Done. accepted=175/175 attempts=420/875 elapsed=560.4s
[2026-03-04 03:10:12] Stage B2 chunk for TRACK1_280m: accepted=175/200, next_target=200
[2026-03-04 03:10:12] RUN: /home/saveas/.conda/envs/DT_trajopt/bin/python -u data/build_repair_segments.py --map-file maps/TRACK1_280m.mat --base-laps-dir data/base_laps --output-dir data/datasets/TRACK1_280m_repairs_hard --num-segments 200 --seed 0 --H 20 --save-every 10 --resume --hard-mode --uy-perturb-mps 0.15 --r-perturb-radps 0.08 --hotspot-json data/hotspots/all_tracks_hotspots.json

******************************************************************************
This program contains Ipopt, a library for large-scale nonlinear optimization.
 Ipopt is released as open source code under the Eclipse Public License (EPL).
         For more information visit https://github.com/coin-or/Ipopt
******************************************************************************

[accepted 180/200] attempts=428/1000 elapsed=50.9s
[attempt 430/1000] repairs accepted=180/200 elapsed=60.8s
[attempt 440/1000] repairs accepted=185/200 elapsed=122.3s
[accepted 190/200] attempts=449/1000 elapsed=189.2s
[attempt 450/1000] repairs accepted=190/200 elapsed=189.2s
[attempt 460/1000] repairs accepted=198/200 elapsed=235.0s
[accepted 200/200] attempts=468/1000 elapsed=287.7s
Done. accepted=200/200 attempts=468/1000 elapsed=287.7s
[2026-03-04 03:15:10] Stage B2 complete for TRACK1_280m. accepted=200/200
[2026-03-04 03:15:10] Stage A2: shifts already present for TRACK2; skipping.
[2026-03-04 03:15:10] Stage B: target accepted repairs for TRACK2 (target=0)
[2026-03-04 03:15:10] RUN: /home/saveas/.conda/envs/DT_trajopt/bin/python -u data/build_repair_segments.py --map-file maps/TRACK2.mat --base-laps-dir data/base_laps --output-dir data/datasets/TRACK2_repairs --num-segments 0 --seed 0 --H 20 --save-every 10 --resume
Done. accepted=83/0 attempts=110 elapsed=0.0s
[2026-03-04 03:15:11] Stage B complete for TRACK2. accepted=83/0
[2026-03-04 03:15:11] Stage B2: target accepted hard repairs for TRACK2 (target=200)
[2026-03-04 03:15:11] Stage B2 chunk for TRACK2: accepted=0/200, next_target=25
[2026-03-04 03:15:11] RUN: /home/saveas/.conda/envs/DT_trajopt/bin/python -u data/build_repair_segments.py --map-file maps/TRACK2.mat --base-laps-dir data/base_laps --output-dir data/datasets/TRACK2_repairs_hard --num-segments 25 --seed 0 --H 20 --save-every 10 --resume --hard-mode --uy-perturb-mps 0.15 --r-perturb-radps 0.08 --hotspot-json data/hotspots/all_tracks_hotspots.json

******************************************************************************
This program contains Ipopt, a library for large-scale nonlinear optimization.
 Ipopt is released as open source code under the Eclipse Public License (EPL).
         For more information visit https://github.com/coin-or/Ipopt
******************************************************************************

[attempt 10/125] repairs accepted=7/25 elapsed=77.0s
[accepted 10/25] attempts=15/125 elapsed=106.4s
[attempt 20/125] repairs accepted=14/25 elapsed=128.0s
[accepted 20/25] attempts=26/125 elapsed=183.5s
[attempt 30/125] repairs accepted=22/25 elapsed=207.4s
Done. accepted=25/25 attempts=33/125 elapsed=239.1s
[2026-03-04 03:19:19] Stage B2 chunk for TRACK2: accepted=25/200, next_target=50
[2026-03-04 03:19:19] RUN: /home/saveas/.conda/envs/DT_trajopt/bin/python -u data/build_repair_segments.py --map-file maps/TRACK2.mat --base-laps-dir data/base_laps --output-dir data/datasets/TRACK2_repairs_hard --num-segments 50 --seed 0 --H 20 --save-every 10 --resume --hard-mode --uy-perturb-mps 0.15 --r-perturb-radps 0.08 --hotspot-json data/hotspots/all_tracks_hotspots.json

******************************************************************************
This program contains Ipopt, a library for large-scale nonlinear optimization.
 Ipopt is released as open source code under the Eclipse Public License (EPL).
         For more information visit https://github.com/coin-or/Ipopt
******************************************************************************

[accepted 30/50] attempts=38/250 elapsed=42.4s
[attempt 40/250] repairs accepted=30/50 elapsed=47.3s
[attempt 50/250] repairs accepted=37/50 elapsed=125.0s
[accepted 40/50] attempts=54/250 elapsed=155.1s
[attempt 60/250] repairs accepted=42/50 elapsed=202.6s
[accepted 50/50] attempts=69/250 elapsed=265.6s
Done. accepted=50/50 attempts=69/250 elapsed=265.6s
[2026-03-04 03:23:55] Stage B2 chunk for TRACK2: accepted=50/200, next_target=75
[2026-03-04 03:23:55] RUN: /home/saveas/.conda/envs/DT_trajopt/bin/python -u data/build_repair_segments.py --map-file maps/TRACK2.mat --base-laps-dir data/base_laps --output-dir data/datasets/TRACK2_repairs_hard --num-segments 75 --seed 0 --H 20 --save-every 10 --resume --hard-mode --uy-perturb-mps 0.15 --r-perturb-radps 0.08 --hotspot-json data/hotspots/all_tracks_hotspots.json
[attempt 70/375] repairs accepted=50/75 elapsed=0.0s

******************************************************************************
This program contains Ipopt, a library for large-scale nonlinear optimization.
 Ipopt is released as open source code under the Eclipse Public License (EPL).
         For more information visit https://github.com/coin-or/Ipopt
******************************************************************************

[attempt 80/375] repairs accepted=57/75 elapsed=80.0s
[accepted 60/75] attempts=83/375 elapsed=102.2s
[attempt 90/375] repairs accepted=65/75 elapsed=141.5s
[accepted 70/75] attempts=94/375 elapsed=180.8s
[attempt 100/375] repairs accepted=73/75 elapsed=215.8s
Done. accepted=75/75 attempts=101/375 elapsed=226.3s
[2026-03-04 03:27:50] Stage B2 chunk for TRACK2: accepted=75/200, next_target=100
[2026-03-04 03:27:50] RUN: /home/saveas/.conda/envs/DT_trajopt/bin/python -u data/build_repair_segments.py --map-file maps/TRACK2.mat --base-laps-dir data/base_laps --output-dir data/datasets/TRACK2_repairs_hard --num-segments 100 --seed 0 --H 20 --save-every 10 --resume --hard-mode --uy-perturb-mps 0.15 --r-perturb-radps 0.08 --hotspot-json data/hotspots/all_tracks_hotspots.json

******************************************************************************
This program contains Ipopt, a library for large-scale nonlinear optimization.
 Ipopt is released as open source code under the Eclipse Public License (EPL).
         For more information visit https://github.com/coin-or/Ipopt
******************************************************************************

[attempt 110/500] repairs accepted=77/100 elapsed=66.5s
[accepted 80/100] attempts=112/500 elapsed=79.0s
[attempt 120/500] repairs accepted=87/100 elapsed=117.3s
[accepted 90/100] attempts=126/500 elapsed=166.4s
[attempt 130/500] repairs accepted=92/100 elapsed=178.9s
[accepted 100/100] attempts=139/500 elapsed=271.5s
Done. accepted=100/100 attempts=139/500 elapsed=271.5s
[2026-03-04 03:32:31] Stage B2 chunk for TRACK2: accepted=100/200, next_target=125
[2026-03-04 03:32:31] RUN: /home/saveas/.conda/envs/DT_trajopt/bin/python -u data/build_repair_segments.py --map-file maps/TRACK2.mat --base-laps-dir data/base_laps --output-dir data/datasets/TRACK2_repairs_hard --num-segments 125 --seed 0 --H 20 --save-every 10 --resume --hard-mode --uy-perturb-mps 0.15 --r-perturb-radps 0.08 --hotspot-json data/hotspots/all_tracks_hotspots.json
[attempt 140/625] repairs accepted=100/125 elapsed=0.0s

******************************************************************************
This program contains Ipopt, a library for large-scale nonlinear optimization.
 Ipopt is released as open source code under the Eclipse Public License (EPL).
         For more information visit https://github.com/coin-or/Ipopt
******************************************************************************

[attempt 150/625] repairs accepted=109/125 elapsed=62.9s
[accepted 110/125] attempts=153/625 elapsed=100.7s
[attempt 160/625] repairs accepted=114/125 elapsed=158.0s
[accepted 120/125] attempts=167/625 elapsed=214.9s
[attempt 170/625] repairs accepted=122/125 elapsed=226.3s
Done. accepted=125/125 attempts=177/625 elapsed=278.7s
[2026-03-04 03:37:19] Stage B2 chunk for TRACK2: accepted=125/200, next_target=150
[2026-03-04 03:37:19] RUN: /home/saveas/.conda/envs/DT_trajopt/bin/python -u data/build_repair_segments.py --map-file maps/TRACK2.mat --base-laps-dir data/base_laps --output-dir data/datasets/TRACK2_repairs_hard --num-segments 150 --seed 0 --H 20 --save-every 10 --resume --hard-mode --uy-perturb-mps 0.15 --r-perturb-radps 0.08 --hotspot-json data/hotspots/all_tracks_hotspots.json

******************************************************************************
This program contains Ipopt, a library for large-scale nonlinear optimization.
 Ipopt is released as open source code under the Eclipse Public License (EPL).
         For more information visit https://github.com/coin-or/Ipopt
******************************************************************************

[attempt 180/750] repairs accepted=126/150 elapsed=21.1s
[accepted 130/150] attempts=186/750 elapsed=61.6s
[attempt 190/750] repairs accepted=133/150 elapsed=74.6s
[attempt 200/750] repairs accepted=138/150 elapsed=174.2s
[accepted 140/150] attempts=202/750 elapsed=187.1s
[attempt 210/750] repairs accepted=146/150 elapsed=227.4s
[accepted 150/150] attempts=214/750 elapsed=265.5s
Done. accepted=150/150 attempts=214/750 elapsed=265.5s
[2026-03-04 03:41:54] Stage B2 chunk for TRACK2: accepted=150/200, next_target=175
[2026-03-04 03:41:54] RUN: /home/saveas/.conda/envs/DT_trajopt/bin/python -u data/build_repair_segments.py --map-file maps/TRACK2.mat --base-laps-dir data/base_laps --output-dir data/datasets/TRACK2_repairs_hard --num-segments 175 --seed 0 --H 20 --save-every 10 --resume --hard-mode --uy-perturb-mps 0.15 --r-perturb-radps 0.08 --hotspot-json data/hotspots/all_tracks_hotspots.json

******************************************************************************
This program contains Ipopt, a library for large-scale nonlinear optimization.
 Ipopt is released as open source code under the Eclipse Public License (EPL).
         For more information visit https://github.com/coin-or/Ipopt
******************************************************************************

[attempt 220/875] repairs accepted=153/175 elapsed=49.1s
[accepted 160/175] attempts=229/875 elapsed=125.0s
[attempt 230/875] repairs accepted=160/175 elapsed=125.0s
[attempt 240/875] repairs accepted=166/175 elapsed=205.9s
[accepted 170/175] attempts=247/875 elapsed=261.6s
[attempt 250/875] repairs accepted=172/175 elapsed=274.4s
Done. accepted=175/175 attempts=253/875 elapsed=296.3s
[2026-03-04 03:47:01] Stage B2 chunk for TRACK2: accepted=175/200, next_target=200
[2026-03-04 03:47:01] RUN: /home/saveas/.conda/envs/DT_trajopt/bin/python -u data/build_repair_segments.py --map-file maps/TRACK2.mat --base-laps-dir data/base_laps --output-dir data/datasets/TRACK2_repairs_hard --num-segments 200 --seed 0 --H 20 --save-every 10 --resume --hard-mode --uy-perturb-mps 0.15 --r-perturb-radps 0.08 --hotspot-json data/hotspots/all_tracks_hotspots.json

******************************************************************************
This program contains Ipopt, a library for large-scale nonlinear optimization.
 Ipopt is released as open source code under the Eclipse Public License (EPL).
         For more information visit https://github.com/coin-or/Ipopt
******************************************************************************

[accepted 180/200] attempts=259/1000 elapsed=31.8s
[attempt 260/1000] repairs accepted=180/200 elapsed=31.8s
[attempt 270/1000] repairs accepted=187/200 elapsed=98.5s
[accepted 190/200] attempts=273/1000 elapsed=126.3s
[attempt 280/1000] repairs accepted=192/200 elapsed=168.2s
[accepted 200/200] attempts=289/1000 elapsed=224.2s
Done. accepted=200/200 attempts=289/1000 elapsed=224.2s
[2026-03-04 03:50:54] Stage B2 complete for TRACK2. accepted=200/200
[2026-03-04 03:50:54] Stage A2: shifts already present for TRACK3_300m; skipping.
[2026-03-04 03:50:54] Stage B: target accepted repairs for TRACK3_300m (target=0)
[2026-03-04 03:50:54] RUN: /home/saveas/.conda/envs/DT_trajopt/bin/python -u data/build_repair_segments.py --map-file maps/TRACK3_300m.mat --base-laps-dir data/base_laps --output-dir data/datasets/TRACK3_300m_repairs --num-segments 0 --seed 0 --H 20 --save-every 10 --resume
Done. accepted=83/0 attempts=143 elapsed=0.0s
[2026-03-04 03:50:56] Stage B complete for TRACK3_300m. accepted=83/0
[2026-03-04 03:50:56] Stage B2: target accepted hard repairs for TRACK3_300m (target=200)
[2026-03-04 03:50:56] Stage B2 chunk for TRACK3_300m: accepted=0/200, next_target=25
[2026-03-04 03:50:56] RUN: /home/saveas/.conda/envs/DT_trajopt/bin/python -u data/build_repair_segments.py --map-file maps/TRACK3_300m.mat --base-laps-dir data/base_laps --output-dir data/datasets/TRACK3_300m_repairs_hard --num-segments 25 --seed 0 --H 20 --save-every 10 --resume --hard-mode --uy-perturb-mps 0.15 --r-perturb-radps 0.08 --hotspot-json data/hotspots/all_tracks_hotspots.json

******************************************************************************
This program contains Ipopt, a library for large-scale nonlinear optimization.
 Ipopt is released as open source code under the Eclipse Public License (EPL).
         For more information visit https://github.com/coin-or/Ipopt
******************************************************************************

[attempt 10/125] repairs accepted=1/25 elapsed=90.3s
[attempt 20/125] repairs accepted=4/25 elapsed=144.8s
[attempt 30/125] repairs accepted=9/25 elapsed=224.7s
[accepted 10/25] attempts=30/125 elapsed=234.2s
[attempt 40/125] repairs accepted=13/25 elapsed=315.3s
[attempt 50/125] repairs accepted=18/25 elapsed=398.4s
[accepted 20/25] attempts=53/125 elapsed=416.9s
[attempt 60/125] repairs accepted=24/25 elapsed=476.7s
Done. accepted=25/25 attempts=63/125 elapsed=511.1s
[2026-03-04 03:59:43] Stage B2 chunk for TRACK3_300m: accepted=25/200, next_target=50
[2026-03-04 03:59:43] RUN: /home/saveas/.conda/envs/DT_trajopt/bin/python -u data/build_repair_segments.py --map-file maps/TRACK3_300m.mat --base-laps-dir data/base_laps --output-dir data/datasets/TRACK3_300m_repairs_hard --num-segments 50 --seed 0 --H 20 --save-every 10 --resume --hard-mode --uy-perturb-mps 0.15 --r-perturb-radps 0.08 --hotspot-json data/hotspots/all_tracks_hotspots.json

******************************************************************************
This program contains Ipopt, a library for large-scale nonlinear optimization.
 Ipopt is released as open source code under the Eclipse Public License (EPL).
         For more information visit https://github.com/coin-or/Ipopt
******************************************************************************

[attempt 70/250] repairs accepted=28/50 elapsed=41.4s
[accepted 30/50] attempts=72/250 elapsed=65.9s
[attempt 80/250] repairs accepted=34/50 elapsed=125.2s
[attempt 90/250] repairs accepted=35/50 elapsed=199.5s
[accepted 40/50] attempts=99/250 elapsed=272.5s
[attempt 100/250] repairs accepted=40/50 elapsed=272.5s
[attempt 110/250] repairs accepted=46/50 elapsed=344.8s
[attempt 120/250] repairs accepted=48/50 elapsed=405.4s
[accepted 50/50] attempts=121/250 elapsed=416.6s
Done. accepted=50/50 attempts=121/250 elapsed=416.6s
[2026-03-04 04:06:53] Stage B2 chunk for TRACK3_300m: accepted=50/200, next_target=75
[2026-03-04 04:06:53] RUN: /home/saveas/.conda/envs/DT_trajopt/bin/python -u data/build_repair_segments.py --map-file maps/TRACK3_300m.mat --base-laps-dir data/base_laps --output-dir data/datasets/TRACK3_300m_repairs_hard --num-segments 75 --seed 0 --H 20 --save-every 10 --resume --hard-mode --uy-perturb-mps 0.15 --r-perturb-radps 0.08 --hotspot-json data/hotspots/all_tracks_hotspots.json

******************************************************************************
This program contains Ipopt, a library for large-scale nonlinear optimization.
 Ipopt is released as open source code under the Eclipse Public License (EPL).
         For more information visit https://github.com/coin-or/Ipopt
******************************************************************************

[attempt 130/375] repairs accepted=54/75 elapsed=48.7s
[attempt 140/375] repairs accepted=57/75 elapsed=152.0s
[accepted 60/75] attempts=145/375 elapsed=184.1s
[attempt 150/375] repairs accepted=61/75 elapsed=220.2s
[attempt 160/375] repairs accepted=66/75 elapsed=303.1s
[attempt 170/375] repairs accepted=69/75 elapsed=374.4s
[accepted 70/75] attempts=170/375 elapsed=377.9s
Done. accepted=75/75 attempts=179/375 elapsed=435.3s
[2026-03-04 04:14:22] Stage B2 chunk for TRACK3_300m: accepted=75/200, next_target=100
[2026-03-04 04:14:22] RUN: /home/saveas/.conda/envs/DT_trajopt/bin/python -u data/build_repair_segments.py --map-file maps/TRACK3_300m.mat --base-laps-dir data/base_laps --output-dir data/datasets/TRACK3_300m_repairs_hard --num-segments 100 --seed 0 --H 20 --save-every 10 --resume --hard-mode --uy-perturb-mps 0.15 --r-perturb-radps 0.08 --hotspot-json data/hotspots/all_tracks_hotspots.json
[attempt 180/500] repairs accepted=75/100 elapsed=0.0s

******************************************************************************
This program contains Ipopt, a library for large-scale nonlinear optimization.
 Ipopt is released as open source code under the Eclipse Public License (EPL).
         For more information visit https://github.com/coin-or/Ipopt
******************************************************************************

[accepted 80/100] attempts=187/500 elapsed=44.7s
[attempt 190/500] repairs accepted=82/100 elapsed=52.9s
[attempt 200/500] repairs accepted=84/100 elapsed=162.0s
[attempt 210/500] repairs accepted=88/100 elapsed=224.4s
[accepted 90/100] attempts=214/500 elapsed=270.3s
[attempt 220/500] repairs accepted=93/100 elapsed=321.0s
[attempt 230/500] repairs accepted=98/100 elapsed=403.2s
[accepted 100/100] attempts=239/500 elapsed=491.8s
Done. accepted=100/100 attempts=239/500 elapsed=491.8s
[2026-03-04 04:22:49] Stage B2 chunk for TRACK3_300m: accepted=100/200, next_target=125
[2026-03-04 04:22:49] RUN: /home/saveas/.conda/envs/DT_trajopt/bin/python -u data/build_repair_segments.py --map-file maps/TRACK3_300m.mat --base-laps-dir data/base_laps --output-dir data/datasets/TRACK3_300m_repairs_hard --num-segments 125 --seed 0 --H 20 --save-every 10 --resume --hard-mode --uy-perturb-mps 0.15 --r-perturb-radps 0.08 --hotspot-json data/hotspots/all_tracks_hotspots.json
[attempt 240/625] repairs accepted=100/125 elapsed=0.0s

******************************************************************************
This program contains Ipopt, a library for large-scale nonlinear optimization.
 Ipopt is released as open source code under the Eclipse Public License (EPL).
         For more information visit https://github.com/coin-or/Ipopt
******************************************************************************

[attempt 250/625] repairs accepted=106/125 elapsed=67.5s
[accepted 110/125] attempts=256/625 elapsed=107.7s
[attempt 260/625] repairs accepted=110/125 elapsed=129.7s
[attempt 270/625] repairs accepted=114/125 elapsed=198.3s
[accepted 120/125] attempts=278/625 elapsed=259.6s
[attempt 280/625] repairs accepted=120/125 elapsed=264.9s
CasADi - 2026-03-04 04:27:43 WARNING("solver:nlp_g failed: NaN detected for output g, at (row 0, col 0).") [.../casadi/core/oracle_function.cpp:408]
Done. accepted=125/125 attempts=288/625 elapsed=323.7s
[2026-03-04 04:28:24] Stage B2 chunk for TRACK3_300m: accepted=125/200, next_target=150
[2026-03-04 04:28:24] RUN: /home/saveas/.conda/envs/DT_trajopt/bin/python -u data/build_repair_segments.py --map-file maps/TRACK3_300m.mat --base-laps-dir data/base_laps --output-dir data/datasets/TRACK3_300m_repairs_hard --num-segments 150 --seed 0 --H 20 --save-every 10 --resume --hard-mode --uy-perturb-mps 0.15 --r-perturb-radps 0.08 --hotspot-json data/hotspots/all_tracks_hotspots.json

******************************************************************************
This program contains Ipopt, a library for large-scale nonlinear optimization.
 Ipopt is released as open source code under the Eclipse Public License (EPL).
         For more information visit https://github.com/coin-or/Ipopt
******************************************************************************

[attempt 290/750] repairs accepted=125/150 elapsed=5.3s
[accepted 130/150] attempts=299/750 elapsed=98.8s
[attempt 300/750] repairs accepted=130/150 elapsed=98.8s
[attempt 310/750] repairs accepted=135/150 elapsed=174.4s
[accepted 140/150] attempts=317/750 elapsed=221.5s
[attempt 320/750] repairs accepted=141/150 elapsed=233.8s
[attempt 330/750] repairs accepted=149/150 elapsed=299.3s
[accepted 150/150] attempts=334/750 elapsed=346.9s
Done. accepted=150/150 attempts=334/750 elapsed=346.9s
[2026-03-04 04:34:23] Stage B2 chunk for TRACK3_300m: accepted=150/200, next_target=175
[2026-03-04 04:34:23] RUN: /home/saveas/.conda/envs/DT_trajopt/bin/python -u data/build_repair_segments.py --map-file maps/TRACK3_300m.mat --base-laps-dir data/base_laps --output-dir data/datasets/TRACK3_300m_repairs_hard --num-segments 175 --seed 0 --H 20 --save-every 10 --resume --hard-mode --uy-perturb-mps 0.15 --r-perturb-radps 0.08 --hotspot-json data/hotspots/all_tracks_hotspots.json

******************************************************************************
This program contains Ipopt, a library for large-scale nonlinear optimization.
 Ipopt is released as open source code under the Eclipse Public License (EPL).
         For more information visit https://github.com/coin-or/Ipopt
******************************************************************************

[attempt 340/875] repairs accepted=151/175 elapsed=30.8s
[attempt 350/875] repairs accepted=155/175 elapsed=101.3s
[accepted 160/175] attempts=356/875 elapsed=139.9s
[attempt 360/875] repairs accepted=162/175 elapsed=154.1s
[attempt 370/875] repairs accepted=165/175 elapsed=233.9s
[accepted 170/175] attempts=376/875 elapsed=270.2s
[attempt 380/875] repairs accepted=172/175 elapsed=285.5s
Done. accepted=175/175 attempts=384/875 elapsed=332.5s
[2026-03-04 04:40:06] Stage B2 chunk for TRACK3_300m: accepted=175/200, next_target=200
[2026-03-04 04:40:06] RUN: /home/saveas/.conda/envs/DT_trajopt/bin/python -u data/build_repair_segments.py --map-file maps/TRACK3_300m.mat --base-laps-dir data/base_laps --output-dir data/datasets/TRACK3_300m_repairs_hard --num-segments 200 --seed 0 --H 20 --save-every 10 --resume --hard-mode --uy-perturb-mps 0.15 --r-perturb-radps 0.08 --hotspot-json data/hotspots/all_tracks_hotspots.json

******************************************************************************
This program contains Ipopt, a library for large-scale nonlinear optimization.
 Ipopt is released as open source code under the Eclipse Public License (EPL).
         For more information visit https://github.com/coin-or/Ipopt
******************************************************************************

[attempt 390/1000] repairs accepted=178/200 elapsed=34.0s
[accepted 180/200] attempts=391/1000 elapsed=50.2s
[attempt 400/1000] repairs accepted=183/200 elapsed=120.9s
[attempt 410/1000] repairs accepted=187/200 elapsed=214.8s
[accepted 190/200] attempts=417/1000 elapsed=279.2s
[attempt 420/1000] repairs accepted=191/200 elapsed=287.7s
[attempt 430/1000] repairs accepted=196/200 elapsed=353.3s
[attempt 440/1000] repairs accepted=199/200 elapsed=414.2s
[accepted 200/200] attempts=441/1000 elapsed=435.1s
Done. accepted=200/200 attempts=441/1000 elapsed=435.1s
[2026-03-04 04:47:35] Stage B2 complete for TRACK3_300m. accepted=200/200
[2026-03-04 04:47:35] Stage A2: shifts already present for TRACK4_315m; skipping.
[2026-03-04 04:47:35] Stage B: target accepted repairs for TRACK4_315m (target=0)
[2026-03-04 04:47:35] RUN: /home/saveas/.conda/envs/DT_trajopt/bin/python -u data/build_repair_segments.py --map-file maps/TRACK4_315m.mat --base-laps-dir data/base_laps --output-dir data/datasets/TRACK4_315m_repairs --num-segments 0 --seed 0 --H 20 --save-every 10 --resume
Done. accepted=83/0 attempts=124 elapsed=0.0s
[2026-03-04 04:47:37] Stage B complete for TRACK4_315m. accepted=83/0
[2026-03-04 04:47:37] Stage B2: target accepted hard repairs for TRACK4_315m (target=200)
[2026-03-04 04:47:37] Stage B2 chunk for TRACK4_315m: accepted=0/200, next_target=25
[2026-03-04 04:47:37] RUN: /home/saveas/.conda/envs/DT_trajopt/bin/python -u data/build_repair_segments.py --map-file maps/TRACK4_315m.mat --base-laps-dir data/base_laps --output-dir data/datasets/TRACK4_315m_repairs_hard --num-segments 25 --seed 0 --H 20 --save-every 10 --resume --hard-mode --uy-perturb-mps 0.15 --r-perturb-radps 0.08 --hotspot-json data/hotspots/all_tracks_hotspots.json

******************************************************************************
This program contains Ipopt, a library for large-scale nonlinear optimization.
 Ipopt is released as open source code under the Eclipse Public License (EPL).
         For more information visit https://github.com/coin-or/Ipopt
******************************************************************************

[attempt 10/125] repairs accepted=6/25 elapsed=77.0s
[accepted 10/25] attempts=14/125 elapsed=99.5s
[attempt 20/125] repairs accepted=14/25 elapsed=124.0s
[accepted 20/25] attempts=27/125 elapsed=181.6s
[attempt 30/125] repairs accepted=21/25 elapsed=204.2s
Done. accepted=25/25 attempts=39/125 elapsed=296.2s
[2026-03-04 04:52:44] Stage B2 chunk for TRACK4_315m: accepted=25/200, next_target=50
[2026-03-04 04:52:44] RUN: /home/saveas/.conda/envs/DT_trajopt/bin/python -u data/build_repair_segments.py --map-file maps/TRACK4_315m.mat --base-laps-dir data/base_laps --output-dir data/datasets/TRACK4_315m_repairs_hard --num-segments 50 --seed 0 --H 20 --save-every 10 --resume --hard-mode --uy-perturb-mps 0.15 --r-perturb-radps 0.08 --hotspot-json data/hotspots/all_tracks_hotspots.json
[attempt 40/250] repairs accepted=25/50 elapsed=0.0s

******************************************************************************
This program contains Ipopt, a library for large-scale nonlinear optimization.
 Ipopt is released as open source code under the Eclipse Public License (EPL).
         For more information visit https://github.com/coin-or/Ipopt
******************************************************************************

[accepted 30/50] attempts=47/250 elapsed=73.1s
[attempt 50/250] repairs accepted=31/50 elapsed=84.4s
[attempt 60/250] repairs accepted=39/50 elapsed=161.6s
[accepted 40/50] attempts=62/250 elapsed=183.8s
[attempt 70/250] repairs accepted=47/50 elapsed=220.7s
[accepted 50/50] attempts=72/250 elapsed=240.9s
Done. accepted=50/50 attempts=72/250 elapsed=240.9s
[2026-03-04 04:56:54] Stage B2 chunk for TRACK4_315m: accepted=50/200, next_target=75
[2026-03-04 04:56:54] RUN: /home/saveas/.conda/envs/DT_trajopt/bin/python -u data/build_repair_segments.py --map-file maps/TRACK4_315m.mat --base-laps-dir data/base_laps --output-dir data/datasets/TRACK4_315m_repairs_hard --num-segments 75 --seed 0 --H 20 --save-every 10 --resume --hard-mode --uy-perturb-mps 0.15 --r-perturb-radps 0.08 --hotspot-json data/hotspots/all_tracks_hotspots.json

******************************************************************************
This program contains Ipopt, a library for large-scale nonlinear optimization.
 Ipopt is released as open source code under the Eclipse Public License (EPL).
         For more information visit https://github.com/coin-or/Ipopt
******************************************************************************

[attempt 80/375] repairs accepted=57/75 elapsed=51.8s
[accepted 60/75] attempts=83/375 elapsed=73.9s
[attempt 90/375] repairs accepted=64/75 elapsed=116.6s
[attempt 100/375] repairs accepted=69/75 elapsed=192.1s
[accepted 70/75] attempts=100/375 elapsed=201.0s
Done. accepted=75/75 attempts=106/375 elapsed=238.5s
[2026-03-04 05:01:01] Stage B2 chunk for TRACK4_315m: accepted=75/200, next_target=100
[2026-03-04 05:01:01] RUN: /home/saveas/.conda/envs/DT_trajopt/bin/python -u data/build_repair_segments.py --map-file maps/TRACK4_315m.mat --base-laps-dir data/base_laps --output-dir data/datasets/TRACK4_315m_repairs_hard --num-segments 100 --seed 0 --H 20 --save-every 10 --resume --hard-mode --uy-perturb-mps 0.15 --r-perturb-radps 0.08 --hotspot-json data/hotspots/all_tracks_hotspots.json

******************************************************************************
This program contains Ipopt, a library for large-scale nonlinear optimization.
 Ipopt is released as open source code under the Eclipse Public License (EPL).
         For more information visit https://github.com/coin-or/Ipopt
******************************************************************************

[attempt 110/500] repairs accepted=77/100 elapsed=21.5s
[accepted 80/100] attempts=112/500 elapsed=34.6s
[attempt 120/500] repairs accepted=86/100 elapsed=70.2s
[accepted 90/100] attempts=128/500 elapsed=129.4s
[attempt 130/500] repairs accepted=91/100 elapsed=133.0s
[attempt 140/500] repairs accepted=98/100 elapsed=226.8s
[accepted 100/100] attempts=141/500 elapsed=235.2s
Done. accepted=100/100 attempts=141/500 elapsed=235.2s
[2026-03-04 05:05:05] Stage B2 chunk for TRACK4_315m: accepted=100/200, next_target=125
[2026-03-04 05:05:05] RUN: /home/saveas/.conda/envs/DT_trajopt/bin/python -u data/build_repair_segments.py --map-file maps/TRACK4_315m.mat --base-laps-dir data/base_laps --output-dir data/datasets/TRACK4_315m_repairs_hard --num-segments 125 --seed 0 --H 20 --save-every 10 --resume --hard-mode --uy-perturb-mps 0.15 --r-perturb-radps 0.08 --hotspot-json data/hotspots/all_tracks_hotspots.json

******************************************************************************
This program contains Ipopt, a library for large-scale nonlinear optimization.
 Ipopt is released as open source code under the Eclipse Public License (EPL).
         For more information visit https://github.com/coin-or/Ipopt
******************************************************************************

[attempt 150/625] repairs accepted=103/125 elapsed=61.2s
[accepted 110/125] attempts=157/625 elapsed=121.0s
[attempt 160/625] repairs accepted=110/125 elapsed=142.8s
[attempt 170/625] repairs accepted=117/125 elapsed=206.6s
[accepted 120/125] attempts=173/625 elapsed=225.4s
[attempt 180/625] repairs accepted=123/125 elapsed=271.1s
Done. accepted=125/125 attempts=184/625 elapsed=298.5s
[2026-03-04 05:10:14] Stage B2 chunk for TRACK4_315m: accepted=125/200, next_target=150
[2026-03-04 05:10:14] RUN: /home/saveas/.conda/envs/DT_trajopt/bin/python -u data/build_repair_segments.py --map-file maps/TRACK4_315m.mat --base-laps-dir data/base_laps --output-dir data/datasets/TRACK4_315m_repairs_hard --num-segments 150 --seed 0 --H 20 --save-every 10 --resume --hard-mode --uy-perturb-mps 0.15 --r-perturb-radps 0.08 --hotspot-json data/hotspots/all_tracks_hotspots.json

******************************************************************************
This program contains Ipopt, a library for large-scale nonlinear optimization.
 Ipopt is released as open source code under the Eclipse Public License (EPL).
         For more information visit https://github.com/coin-or/Ipopt
******************************************************************************

[attempt 190/750] repairs accepted=127/150 elapsed=23.2s
[accepted 130/150] attempts=192/750 elapsed=54.5s
[attempt 200/750] repairs accepted=133/150 elapsed=117.6s
[accepted 140/150] attempts=209/750 elapsed=176.8s
[attempt 210/750] repairs accepted=140/150 elapsed=176.8s
[attempt 220/750] repairs accepted=148/150 elapsed=268.2s
[accepted 150/150] attempts=224/750 elapsed=305.6s
Done. accepted=150/150 attempts=224/750 elapsed=305.6s
[2026-03-04 05:15:31] Stage B2 chunk for TRACK4_315m: accepted=150/200, next_target=175
[2026-03-04 05:15:31] RUN: /home/saveas/.conda/envs/DT_trajopt/bin/python -u data/build_repair_segments.py --map-file maps/TRACK4_315m.mat --base-laps-dir data/base_laps --output-dir data/datasets/TRACK4_315m_repairs_hard --num-segments 175 --seed 0 --H 20 --save-every 10 --resume --hard-mode --uy-perturb-mps 0.15 --r-perturb-radps 0.08 --hotspot-json data/hotspots/all_tracks_hotspots.json

******************************************************************************
This program contains Ipopt, a library for large-scale nonlinear optimization.
 Ipopt is released as open source code under the Eclipse Public License (EPL).
         For more information visit https://github.com/coin-or/Ipopt
******************************************************************************

[attempt 230/875] repairs accepted=152/175 elapsed=40.8s
[attempt 240/875] repairs accepted=158/175 elapsed=126.4s
[accepted 160/175] attempts=241/875 elapsed=135.3s
[attempt 250/875] repairs accepted=164/175 elapsed=194.3s
[accepted 170/175] attempts=257/875 elapsed=232.2s
[attempt 260/875] repairs accepted=172/175 elapsed=243.6s
Done. accepted=175/175 attempts=265/875 elapsed=287.9s
[2026-03-04 05:20:29] Stage B2 chunk for TRACK4_315m: accepted=175/200, next_target=200
[2026-03-04 05:20:29] RUN: /home/saveas/.conda/envs/DT_trajopt/bin/python -u data/build_repair_segments.py --map-file maps/TRACK4_315m.mat --base-laps-dir data/base_laps --output-dir data/datasets/TRACK4_315m_repairs_hard --num-segments 200 --seed 0 --H 20 --save-every 10 --resume --hard-mode --uy-perturb-mps 0.15 --r-perturb-radps 0.08 --hotspot-json data/hotspots/all_tracks_hotspots.json

******************************************************************************
This program contains Ipopt, a library for large-scale nonlinear optimization.
 Ipopt is released as open source code under the Eclipse Public License (EPL).
         For more information visit https://github.com/coin-or/Ipopt
******************************************************************************

[attempt 270/1000] repairs accepted=177/200 elapsed=21.8s
[accepted 180/200] attempts=276/1000 elapsed=84.5s
[attempt 280/1000] repairs accepted=182/200 elapsed=96.8s
[attempt 290/1000] repairs accepted=188/200 elapsed=155.1s
[accepted 190/200] attempts=292/1000 elapsed=192.3s
[attempt 300/1000] repairs accepted=194/200 elapsed=249.4s
[accepted 200/200] attempts=307/1000 elapsed=293.2s
Done. accepted=200/200 attempts=307/1000 elapsed=293.2s
[2026-03-04 05:25:32] Stage B2 complete for TRACK4_315m. accepted=200/200
[2026-03-04 05:25:32] Stage A2: shifts already present for TRACK5_330m; skipping.
[2026-03-04 05:25:32] Stage B: target accepted repairs for TRACK5_330m (target=0)
[2026-03-04 05:25:32] RUN: /home/saveas/.conda/envs/DT_trajopt/bin/python -u data/build_repair_segments.py --map-file maps/TRACK5_330m.mat --base-laps-dir data/base_laps --output-dir data/datasets/TRACK5_330m_repairs --num-segments 0 --seed 0 --H 20 --save-every 10 --resume
Done. accepted=83/0 attempts=114 elapsed=0.0s
[2026-03-04 05:25:34] Stage B complete for TRACK5_330m. accepted=83/0
[2026-03-04 05:25:34] Stage B2: target accepted hard repairs for TRACK5_330m (target=200)
[2026-03-04 05:25:34] Stage B2 chunk for TRACK5_330m: accepted=0/200, next_target=25
[2026-03-04 05:25:34] RUN: /home/saveas/.conda/envs/DT_trajopt/bin/python -u data/build_repair_segments.py --map-file maps/TRACK5_330m.mat --base-laps-dir data/base_laps --output-dir data/datasets/TRACK5_330m_repairs_hard --num-segments 25 --seed 0 --H 20 --save-every 10 --resume --hard-mode --uy-perturb-mps 0.15 --r-perturb-radps 0.08 --hotspot-json data/hotspots/all_tracks_hotspots.json

******************************************************************************
This program contains Ipopt, a library for large-scale nonlinear optimization.
 Ipopt is released as open source code under the Eclipse Public License (EPL).
         For more information visit https://github.com/coin-or/Ipopt
******************************************************************************

[attempt 10/125] repairs accepted=6/25 elapsed=85.5s
[accepted 10/25] attempts=13/125 elapsed=102.7s
[attempt 20/125] repairs accepted=15/25 elapsed=128.4s
[accepted 20/25] attempts=27/125 elapsed=188.5s
[attempt 30/125] repairs accepted=21/25 elapsed=209.1s
Done. accepted=25/25 attempts=37/125 elapsed=288.8s
[2026-03-04 05:30:33] Stage B2 chunk for TRACK5_330m: accepted=25/200, next_target=50
[2026-03-04 05:30:33] RUN: /home/saveas/.conda/envs/DT_trajopt/bin/python -u data/build_repair_segments.py --map-file maps/TRACK5_330m.mat --base-laps-dir data/base_laps --output-dir data/datasets/TRACK5_330m_repairs_hard --num-segments 50 --seed 0 --H 20 --save-every 10 --resume --hard-mode --uy-perturb-mps 0.15 --r-perturb-radps 0.08 --hotspot-json data/hotspots/all_tracks_hotspots.json

******************************************************************************
This program contains Ipopt, a library for large-scale nonlinear optimization.
 Ipopt is released as open source code under the Eclipse Public License (EPL).
         For more information visit https://github.com/coin-or/Ipopt
******************************************************************************

[attempt 40/250] repairs accepted=26/50 elapsed=12.0s
[accepted 30/50] attempts=44/250 elapsed=55.7s
[attempt 50/250] repairs accepted=34/50 elapsed=90.6s
[attempt 60/250] repairs accepted=38/50 elapsed=172.2s
[accepted 40/50] attempts=62/250 elapsed=199.1s
[attempt 70/250] repairs accepted=47/50 elapsed=239.0s
[accepted 50/50] attempts=75/250 elapsed=277.6s
Done. accepted=50/50 attempts=75/250 elapsed=277.6s
[2026-03-04 05:35:21] Stage B2 chunk for TRACK5_330m: accepted=50/200, next_target=75
[2026-03-04 05:35:21] RUN: /home/saveas/.conda/envs/DT_trajopt/bin/python -u data/build_repair_segments.py --map-file maps/TRACK5_330m.mat --base-laps-dir data/base_laps --output-dir data/datasets/TRACK5_330m_repairs_hard --num-segments 75 --seed 0 --H 20 --save-every 10 --resume --hard-mode --uy-perturb-mps 0.15 --r-perturb-radps 0.08 --hotspot-json data/hotspots/all_tracks_hotspots.json

******************************************************************************
This program contains Ipopt, a library for large-scale nonlinear optimization.
 Ipopt is released as open source code under the Eclipse Public License (EPL).
         For more information visit https://github.com/coin-or/Ipopt
******************************************************************************

[attempt 80/375] repairs accepted=53/75 elapsed=40.1s
[accepted 60/75] attempts=88/375 elapsed=87.9s
[attempt 90/375] repairs accepted=60/75 elapsed=99.4s
[attempt 100/375] repairs accepted=67/75 elapsed=171.2s
[accepted 70/75] attempts=105/375 elapsed=218.7s
[attempt 110/375] repairs accepted=72/75 elapsed=246.8s
Done. accepted=75/75 attempts=112/375 elapsed=260.7s
[2026-03-04 05:39:51] Stage B2 chunk for TRACK5_330m: accepted=75/200, next_target=100
[2026-03-04 05:39:51] RUN: /home/saveas/.conda/envs/DT_trajopt/bin/python -u data/build_repair_segments.py --map-file maps/TRACK5_330m.mat --base-laps-dir data/base_laps --output-dir data/datasets/TRACK5_330m_repairs_hard --num-segments 100 --seed 0 --H 20 --save-every 10 --resume --hard-mode --uy-perturb-mps 0.15 --r-perturb-radps 0.08 --hotspot-json data/hotspots/all_tracks_hotspots.json

******************************************************************************
This program contains Ipopt, a library for large-scale nonlinear optimization.
 Ipopt is released as open source code under the Eclipse Public License (EPL).
         For more information visit https://github.com/coin-or/Ipopt
******************************************************************************

[accepted 80/100] attempts=118/500 elapsed=26.0s
[attempt 120/500] repairs accepted=81/100 elapsed=34.7s
[accepted 90/100] attempts=129/500 elapsed=87.4s
[attempt 130/500] repairs accepted=90/100 elapsed=87.4s
[attempt 140/500] repairs accepted=96/100 elapsed=178.1s
[accepted 100/100] attempts=143/500 elapsed=200.7s
Done. accepted=100/100 attempts=143/500 elapsed=200.7s
[2026-03-04 05:43:20] Stage B2 chunk for TRACK5_330m: accepted=100/200, next_target=125
[2026-03-04 05:43:20] RUN: /home/saveas/.conda/envs/DT_trajopt/bin/python -u data/build_repair_segments.py --map-file maps/TRACK5_330m.mat --base-laps-dir data/base_laps --output-dir data/datasets/TRACK5_330m_repairs_hard --num-segments 125 --seed 0 --H 20 --save-every 10 --resume --hard-mode --uy-perturb-mps 0.15 --r-perturb-radps 0.08 --hotspot-json data/hotspots/all_tracks_hotspots.json

******************************************************************************
This program contains Ipopt, a library for large-scale nonlinear optimization.
 Ipopt is released as open source code under the Eclipse Public License (EPL).
         For more information visit https://github.com/coin-or/Ipopt
******************************************************************************

[attempt 150/625] repairs accepted=104/125 elapsed=43.8s
[accepted 110/125] attempts=158/625 elapsed=123.2s
[attempt 160/625] repairs accepted=110/125 elapsed=133.7s
[attempt 170/625] repairs accepted=116/125 elapsed=200.9s
[accepted 120/125] attempts=174/625 elapsed=220.1s
[attempt 180/625] repairs accepted=123/125 elapsed=260.1s
Done. accepted=125/125 attempts=182/625 elapsed=279.6s
[2026-03-04 05:48:09] Stage B2 chunk for TRACK5_330m: accepted=125/200, next_target=150
[2026-03-04 05:48:09] RUN: /home/saveas/.conda/envs/DT_trajopt/bin/python -u data/build_repair_segments.py --map-file maps/TRACK5_330m.mat --base-laps-dir data/base_laps --output-dir data/datasets/TRACK5_330m_repairs_hard --num-segments 150 --seed 0 --H 20 --save-every 10 --resume --hard-mode --uy-perturb-mps 0.15 --r-perturb-radps 0.08 --hotspot-json data/hotspots/all_tracks_hotspots.json

******************************************************************************
This program contains Ipopt, a library for large-scale nonlinear optimization.
 Ipopt is released as open source code under the Eclipse Public License (EPL).
         For more information visit https://github.com/coin-or/Ipopt
******************************************************************************

[accepted 130/150] attempts=187/750 elapsed=17.3s
[attempt 190/750] repairs accepted=132/150 elapsed=23.7s
[attempt 200/750] repairs accepted=138/150 elapsed=122.6s
[accepted 140/150] attempts=201/750 elapsed=129.7s
[attempt 210/750] repairs accepted=145/150 elapsed=176.7s
[accepted 150/150] attempts=218/750 elapsed=254.4s
Done. accepted=150/150 attempts=218/750 elapsed=254.4s
[2026-03-04 05:52:33] Stage B2 chunk for TRACK5_330m: accepted=150/200, next_target=175
[2026-03-04 05:52:33] RUN: /home/saveas/.conda/envs/DT_trajopt/bin/python -u data/build_repair_segments.py --map-file maps/TRACK5_330m.mat --base-laps-dir data/base_laps --output-dir data/datasets/TRACK5_330m_repairs_hard --num-segments 175 --seed 0 --H 20 --save-every 10 --resume --hard-mode --uy-perturb-mps 0.15 --r-perturb-radps 0.08 --hotspot-json data/hotspots/all_tracks_hotspots.json

******************************************************************************
This program contains Ipopt, a library for large-scale nonlinear optimization.
 Ipopt is released as open source code under the Eclipse Public License (EPL).
         For more information visit https://github.com/coin-or/Ipopt
******************************************************************************

[attempt 220/875] repairs accepted=150/175 elapsed=15.9s
[attempt 230/875] repairs accepted=157/175 elapsed=91.1s
[accepted 160/175] attempts=233/875 elapsed=123.8s
[attempt 240/875] repairs accepted=165/175 elapsed=168.9s
[accepted 170/175] attempts=245/875 elapsed=208.5s
[attempt 250/875] repairs accepted=173/175 elapsed=226.8s
Done. accepted=175/175 attempts=251/875 elapsed=238.1s
[2026-03-04 05:56:41] Stage B2 chunk for TRACK5_330m: accepted=175/200, next_target=200
[2026-03-04 05:56:41] RUN: /home/saveas/.conda/envs/DT_trajopt/bin/python -u data/build_repair_segments.py --map-file maps/TRACK5_330m.mat --base-laps-dir data/base_laps --output-dir data/datasets/TRACK5_330m_repairs_hard --num-segments 200 --seed 0 --H 20 --save-every 10 --resume --hard-mode --uy-perturb-mps 0.15 --r-perturb-radps 0.08 --hotspot-json data/hotspots/all_tracks_hotspots.json

******************************************************************************
This program contains Ipopt, a library for large-scale nonlinear optimization.
 Ipopt is released as open source code under the Eclipse Public License (EPL).
         For more information visit https://github.com/coin-or/Ipopt
******************************************************************************

[accepted 180/200] attempts=258/1000 elapsed=36.2s
[attempt 260/1000] repairs accepted=181/200 elapsed=39.4s
[attempt 270/1000] repairs accepted=189/200 elapsed=102.8s
[accepted 190/200] attempts=270/1000 elapsed=106.9s
[attempt 280/1000] repairs accepted=196/200 elapsed=167.3s
[accepted 200/200] attempts=286/1000 elapsed=211.9s
Done. accepted=200/200 attempts=286/1000 elapsed=211.9s
[2026-03-04 06:00:20] Stage B2 complete for TRACK5_330m. accepted=200/200
[2026-03-04 06:00:20] Dataset build finished.
