
******************************************************************************
This program contains Ipopt, a library for large-scale nonlinear optimization.
 Ipopt is released as open source code under the Eclipse Public License (EPL).
         For more information visit https://github.com/coin-or/Ipopt
******************************************************************************

CasADi - 2026-03-05 19:48:45 WARNING("solver:nlp_g failed: NaN detected for output g, at (row 0, col 0).") [.../casadi/core/oracle_function.cpp:408]
CasADi - 2026-03-05 19:48:45 WARNING("solver:nlp_g failed: NaN detected for output g, at (row 0, col 0).") [.../casadi/core/oracle_function.cpp:408]
CasADi - 2026-03-05 19:48:45 WARNING("solver:nlp_g failed: NaN detected for output g, at (row 0, col 0).") [.../casadi/core/oracle_function.cpp:408]
CasADi - 2026-03-05 19:48:45 WARNING("solver:nlp_g failed: NaN detected for output g, at (row 0, col 0).") [.../casadi/core/oracle_function.cpp:408]
CasADi - 2026-03-05 19:48:45 WARNING("solver:nlp_g failed: NaN detected for output g, at (row 0, col 0).") [.../casadi/core/oracle_function.cpp:408]
CasADi - 2026-03-05 19:48:45 WARNING("solver:nlp_g failed: NaN detected for output g, at (row 0, col 0).") [.../casadi/core/oracle_function.cpp:408]
CasADi - 2026-03-05 19:48:45 WARNING("solver:nlp_g failed: NaN detected for output g, at (row 0, col 0).") [.../casadi/core/oracle_function.cpp:408]
CasADi - 2026-03-05 19:48:45 WARNING("solver:nlp_g failed: NaN detected for output g, at (row 0, col 0).") [.../casadi/core/oracle_function.cpp:408]
CasADi - 2026-03-05 19:48:45 WARNING("solver:nlp_g failed: NaN detected for output g, at (row 0, col 0).") [.../casadi/core/oracle_function.cpp:408]
CasADi - 2026-03-05 19:48:45 WARNING("solver:nlp_g failed: NaN detected for output g, at (row 0, col 0).") [.../casadi/core/oracle_function.cpp:408]
CasADi - 2026-03-05 19:48:45 WARNING("solver:nlp_g failed: NaN detected for output g, at (row 0, col 0).") [.../casadi/core/oracle_function.cpp:408]
CasADi - 2026-03-05 19:48:45 WARNING("solver:nlp_g failed: NaN detected for output g, at (row 0, col 0).") [.../casadi/core/oracle_function.cpp:408]
CasADi - 2026-03-05 19:48:45 WARNING("solver:nlp_g failed: NaN detected for output g, at (row 0, col 0).") [.../casadi/core/oracle_function.cpp:408]
CasADi - 2026-03-05 19:48:45 WARNING("solver:nlp_g failed: NaN detected for output g, at (row 0, col 0).") [.../casadi/core/oracle_function.cpp:408]
CasADi - 2026-03-05 19:48:45 WARNING("solver:nlp_g failed: NaN detected for output g, at (row 0, col 0).") [.../casadi/core/oracle_function.cpp:408]
CasADi - 2026-03-05 19:48:46 WARNING("solver:nlp_g failed: NaN detected for output g, at (row 0, col 0).") [.../casadi/core/oracle_function.cpp:408]
CasADi - 2026-03-05 19:48:46 WARNING("solver:nlp_g failed: NaN detected for output g, at (row 0, col 0).") [.../casadi/core/oracle_function.cpp:408]
CasADi - 2026-03-05 19:48:46 WARNING("solver:nlp_g failed: NaN detected for output g, at (row 0, col 0).") [.../casadi/core/oracle_function.cpp:408]
CasADi - 2026-03-05 19:48:46 WARNING("solver:nlp_g failed: NaN detected for output g, at (row 0, col 0).") [.../casadi/core/oracle_function.cpp:408]
CasADi - 2026-03-05 19:48:46 WARNING("solver:nlp_g failed: NaN detected for output g, at (row 0, col 0).") [.../casadi/core/oracle_function.cpp:408]
CasADi - 2026-03-05 19:48:46 WARNING("solver:nlp_g failed: NaN detected for output g, at (row 0, col 0).") [.../casadi/core/oracle_function.cpp:408]
CasADi - 2026-03-05 19:48:46 WARNING("solver:nlp_g failed: NaN detected for output g, at (row 0, col 0).") [.../casadi/core/oracle_function.cpp:408]
CasADi - 2026-03-05 19:48:46 WARNING("solver:nlp_g failed: NaN detected for output g, at (row 0, col 0).") [.../casadi/core/oracle_function.cpp:408]
CasADi - 2026-03-05 19:48:46 WARNING("solver:nlp_g failed: NaN detected for output g, at (row 0, col 0).") [.../casadi/core/oracle_function.cpp:408]
CasADi - 2026-03-05 19:48:46 WARNING("solver:nlp_g failed: NaN detected for output g, at (row 0, col 0).") [.../casadi/core/oracle_function.cpp:408]
CasADi - 2026-03-05 19:48:46 WARNING("solver:nlp_g failed: NaN detected for output g, at (row 0, col 0).") [.../casadi/core/oracle_function.cpp:408]
CasADi - 2026-03-05 19:48:46 WARNING("solver:nlp_g failed: NaN detected for output g, at (row 0, col 0).") [.../casadi/core/oracle_function.cpp:408]
CasADi - 2026-03-05 19:48:46 WARNING("solver:nlp_g failed: NaN detected for output g, at (row 0, col 0).") [.../casadi/core/oracle_function.cpp:408]
CasADi - 2026-03-05 19:48:46 WARNING("solver:nlp_g failed: NaN detected for output g, at (row 0, col 0).") [.../casadi/core/oracle_function.cpp:408]
CasADi - 2026-03-05 19:48:46 WARNING("solver:nlp_g failed: NaN detected for output g, at (row 0, col 0).") [.../casadi/core/oracle_function.cpp:408]
CasADi - 2026-03-05 19:48:46 WARNING("solver:nlp_g failed: NaN detected for output g, at (row 0, col 0).") [.../casadi/core/oracle_function.cpp:408]
CasADi - 2026-03-05 19:48:46 WARNING("solver:nlp_g failed: NaN detected for output g, at (row 0, col 0).") [.../casadi/core/oracle_function.cpp:408]
CasADi - 2026-03-05 19:48:46 WARNING("solver:nlp_g failed: NaN detected for output g, at (row 0, col 0).") [.../casadi/core/oracle_function.cpp:408]
CasADi - 2026-03-05 19:48:46 WARNING("solver:nlp_g failed: NaN detected for output g, at (row 0, col 0).") [.../casadi/core/oracle_function.cpp:408]
CasADi - 2026-03-05 19:48:46 WARNING("solver:nlp_g failed: NaN detected for output g, at (row 0, col 0).") [.../casadi/core/oracle_function.cpp:408]
CasADi - 2026-03-05 19:48:46 WARNING("solver:nlp_g failed: NaN detected for output g, at (row 0, col 0).") [.../casadi/core/oracle_function.cpp:408]
[Oval_Track_260m attempt 3/33] accepted=589/600 elapsed=8.2s
[Oval_Track_260m attempt 13/33] accepted=589/600 elapsed=50.5s
[Oval_Track_260m accepted 590/600] attempts=14/33 elapsed=57.7s
[Oval_Track_260m attempt 23/33] accepted=591/600 elapsed=93.1s
[Oval_Track_260m attempt 33/33] accepted=593/600 elapsed=142.1s
[Oval_Track_260m] done accepted=593/600 attempts=33/33 elapsed=145.5s
Done. total_accepted=593 total_attempts=5250 elapsed=145.5s
