
******************************************************************************
This program contains Ipopt, a library for large-scale nonlinear optimization.
 Ipopt is released as open source code under the Eclipse Public License (EPL).
         For more information visit https://github.com/coin-or/Ipopt
******************************************************************************

[Oval_Track_260m attempt 5/480] accepted=440/600 elapsed=23.7s
CasADi - 2026-03-05 17:52:38 WARNING("solver:nlp_g failed: NaN detected for output g, at (row 0, col 0).") [.../casadi/core/oracle_function.cpp:408]
CasADi - 2026-03-05 17:52:38 WARNING("solver:nlp_g failed: NaN detected for output g, at (row 0, col 0).") [.../casadi/core/oracle_function.cpp:408]
CasADi - 2026-03-05 17:52:38 WARNING("solver:nlp_g failed: NaN detected for output g, at (row 0, col 0).") [.../casadi/core/oracle_function.cpp:408]
CasADi - 2026-03-05 17:52:38 WARNING("solver:nlp_g failed: NaN detected for output g, at (row 0, col 0).") [.../casadi/core/oracle_function.cpp:408]
CasADi - 2026-03-05 17:53:05 WARNING("solver:nlp_g failed: NaN detected for output g, at (row 1, col 0).") [.../casadi/core/oracle_function.cpp:408]
[Oval_Track_260m attempt 15/480] accepted=444/600 elapsed=71.5s
[Oval_Track_260m attempt 25/480] accepted=444/600 elapsed=143.3s
[Oval_Track_260m attempt 35/480] accepted=447/600 elapsed=203.1s
[Oval_Track_260m attempt 45/480] accepted=447/600 elapsed=263.9s
[Oval_Track_260m attempt 55/480] accepted=448/600 elapsed=310.3s
[Oval_Track_260m accepted 450/600] attempts=56/480 elapsed=318.7s
[Oval_Track_260m attempt 65/480] accepted=451/600 elapsed=370.8s
[Oval_Track_260m attempt 75/480] accepted=452/600 elapsed=422.0s
[Oval_Track_260m attempt 85/480] accepted=454/600 elapsed=475.4s
[Oval_Track_260m attempt 95/480] accepted=456/600 elapsed=538.5s
[Oval_Track_260m attempt 105/480] accepted=456/600 elapsed=588.2s
[Oval_Track_260m attempt 115/480] accepted=457/600 elapsed=634.8s
[Oval_Track_260m attempt 125/480] accepted=458/600 elapsed=674.7s
[Oval_Track_260m attempt 135/480] accepted=459/600 elapsed=723.8s
[Oval_Track_260m accepted 460/600] attempts=135/480 elapsed=727.5s
[Oval_Track_260m attempt 145/480] accepted=460/600 elapsed=766.6s
[Oval_Track_260m attempt 155/480] accepted=460/600 elapsed=828.3s
[Oval_Track_260m attempt 165/480] accepted=460/600 elapsed=890.5s
[Oval_Track_260m attempt 175/480] accepted=460/600 elapsed=954.0s
CasADi - 2026-03-05 18:08:22 WARNING("solver:nlp_g failed: NaN detected for output g, at (row 0, col 0).") [.../casadi/core/oracle_function.cpp:408]
CasADi - 2026-03-05 18:08:22 WARNING("solver:nlp_g failed: NaN detected for output g, at (row 0, col 0).") [.../casadi/core/oracle_function.cpp:408]
[Oval_Track_260m attempt 185/480] accepted=462/600 elapsed=1014.7s
[Oval_Track_260m attempt 195/480] accepted=462/600 elapsed=1079.5s
[Oval_Track_260m attempt 205/480] accepted=463/600 elapsed=1131.0s
