
******************************************************************************
This program contains Ipopt, a library for large-scale nonlinear optimization.
 Ipopt is released as open source code under the Eclipse Public License (EPL).
         For more information visit https://github.com/coin-or/Ipopt
******************************************************************************

[Oval_Track_260m attempt 7/252] accepted=216/300 elapsed=28.9s
CasADi - 2026-03-04 23:01:36 WARNING("solver:nlp_g failed: NaN detected for output g, at (row 0, col 0).") [.../casadi/core/oracle_function.cpp:408]
[Oval_Track_260m attempt 17/252] accepted=217/300 elapsed=83.6s
[Oval_Track_260m attempt 27/252] accepted=218/300 elapsed=128.4s
[Oval_Track_260m attempt 37/252] accepted=219/300 elapsed=177.2s
[Oval_Track_260m accepted 220/300] attempts=37/252 elapsed=180.2s
[Oval_Track_260m attempt 47/252] accepted=220/300 elapsed=233.5s
[Oval_Track_260m attempt 57/252] accepted=221/300 elapsed=268.9s
[Oval_Track_260m attempt 67/252] accepted=223/300 elapsed=311.2s
[Oval_Track_260m attempt 77/252] accepted=223/300 elapsed=359.5s
[Oval_Track_260m attempt 87/252] accepted=224/300 elapsed=400.7s
[Oval_Track_260m attempt 97/252] accepted=224/300 elapsed=451.5s
[Oval_Track_260m attempt 107/252] accepted=225/300 elapsed=502.2s
[Oval_Track_260m attempt 117/252] accepted=226/300 elapsed=553.4s
[Oval_Track_260m attempt 127/252] accepted=226/300 elapsed=604.3s
[Oval_Track_260m attempt 137/252] accepted=227/300 elapsed=645.4s
[Oval_Track_260m attempt 147/252] accepted=229/300 elapsed=701.8s
[Oval_Track_260m accepted 230/300] attempts=149/252 elapsed=712.2s
[Oval_Track_260m attempt 157/252] accepted=231/300 elapsed=750.1s
[Oval_Track_260m attempt 167/252] accepted=231/300 elapsed=802.0s
[Oval_Track_260m attempt 177/252] accepted=232/300 elapsed=842.0s
[Oval_Track_260m attempt 187/252] accepted=233/300 elapsed=890.3s
CasADi - 2026-03-04 23:15:49 WARNING("solver:nlp_g failed: NaN detected for output g, at (row 0, col 0).") [.../casadi/core/oracle_function.cpp:408]
CasADi - 2026-03-04 23:15:49 WARNING("solver:nlp_g failed: NaN detected for output g, at (row 0, col 0).") [.../casadi/core/oracle_function.cpp:408]
CasADi - 2026-03-04 23:15:49 WARNING("solver:nlp_g failed: NaN detected for output g, at (row 0, col 0).") [.../casadi/core/oracle_function.cpp:408]
CasADi - 2026-03-04 23:15:49 WARNING("solver:nlp_g failed: NaN detected for output g, at (row 0, col 0).") [.../casadi/core/oracle_function.cpp:408]
CasADi - 2026-03-04 23:15:49 WARNING("solver:nlp_g failed: NaN detected for output g, at (row 0, col 0).") [.../casadi/core/oracle_function.cpp:408]
CasADi - 2026-03-04 23:15:50 WARNING("solver:nlp_g failed: NaN detected for output g, at (row 0, col 0).") [.../casadi/core/oracle_function.cpp:408]
CasADi - 2026-03-04 23:15:50 WARNING("solver:nlp_g failed: NaN detected for output g, at (row 0, col 0).") [.../casadi/core/oracle_function.cpp:408]
CasADi - 2026-03-04 23:15:50 WARNING("solver:nlp_g failed: NaN detected for output g, at (row 0, col 0).") [.../casadi/core/oracle_function.cpp:408]
CasADi - 2026-03-04 23:15:50 WARNING("solver:nlp_g failed: NaN detected for output g, at (row 0, col 0).") [.../casadi/core/oracle_function.cpp:408]
[Oval_Track_260m attempt 197/252] accepted=233/300 elapsed=940.9s
[Oval_Track_260m attempt 207/252] accepted=234/300 elapsed=980.3s
[Oval_Track_260m attempt 217/252] accepted=234/300 elapsed=1024.0s
[Oval_Track_260m attempt 227/252] accepted=235/300 elapsed=1087.4s
[Oval_Track_260m attempt 237/252] accepted=237/300 elapsed=1143.0s
[Oval_Track_260m attempt 247/252] accepted=237/300 elapsed=1190.7s
[Oval_Track_260m] done accepted=239/300 attempts=252/252 elapsed=1216.2s
Done. total_accepted=239 total_attempts=2235 elapsed=1216.2s
