[postproj_loop] wrapper_log=results/dataset_runs/postproj_repairs_loop_20260305_190832.log
[postproj_loop] map_name=Oval_Track_260m
[postproj_loop] manifest_path=data/datasets/Oval_Track_260m_repairs_postproj/manifest.jsonl
[postproj_loop] total_target=600
[postproj_loop] max_loops=50
[postproj_loop] max_no_progress_loops=5
[postproj_loop] single_map_cap=0
[postproj_loop] start_count=516
[postproj_loop] loop=1/50 current=516/600
Logging to results/dataset_runs/postproj_repairs_20260305_190832.log

******************************************************************************
This program contains Ipopt, a library for large-scale nonlinear optimization.
 Ipopt is released as open source code under the Eclipse Public License (EPL).
         For more information visit https://github.com/coin-or/Ipopt
******************************************************************************

[Oval_Track_260m attempt 7/252] accepted=519/600 elapsed=25.7s
[Oval_Track_260m attempt 17/252] accepted=519/600 elapsed=72.8s
[Oval_Track_260m accepted 520/600] attempts=19/252 elapsed=86.5s
[Oval_Track_260m attempt 27/252] accepted=521/600 elapsed=116.3s
[Oval_Track_260m attempt 37/252] accepted=523/600 elapsed=169.7s
[Oval_Track_260m attempt 47/252] accepted=523/600 elapsed=215.7s
[Oval_Track_260m attempt 57/252] accepted=526/600 elapsed=252.7s
[Oval_Track_260m attempt 67/252] accepted=529/600 elapsed=296.7s
[Oval_Track_260m accepted 530/600] attempts=71/252 elapsed=317.4s
[Oval_Track_260m attempt 77/252] accepted=531/600 elapsed=337.3s
[Oval_Track_260m attempt 87/252] accepted=533/600 elapsed=377.1s
[Oval_Track_260m attempt 97/252] accepted=534/600 elapsed=425.5s
[Oval_Track_260m attempt 107/252] accepted=535/600 elapsed=475.4s
[Oval_Track_260m attempt 117/252] accepted=537/600 elapsed=521.5s
[Oval_Track_260m attempt 127/252] accepted=537/600 elapsed=561.4s
[Oval_Track_260m attempt 137/252] accepted=538/600 elapsed=610.6s
[Oval_Track_260m accepted 540/600] attempts=146/252 elapsed=656.4s
[Oval_Track_260m attempt 147/252] accepted=540/600 elapsed=656.8s
[Oval_Track_260m attempt 157/252] accepted=540/600 elapsed=699.7s
[Oval_Track_260m attempt 167/252] accepted=541/600 elapsed=742.0s
[Oval_Track_260m attempt 177/252] accepted=541/600 elapsed=785.8s
CasADi - 2026-03-05 19:22:03 WARNING("solver:nlp_g failed: NaN detected for output g, at (row 0, col 0).") [.../casadi/core/oracle_function.cpp:408]
[Oval_Track_260m attempt 187/252] accepted=542/600 elapsed=831.8s
[Oval_Track_260m attempt 197/252] accepted=543/600 elapsed=870.1s
[Oval_Track_260m attempt 207/252] accepted=544/600 elapsed=917.7s
[Oval_Track_260m attempt 217/252] accepted=547/600 elapsed=951.1s
[Oval_Track_260m accepted 550/600] attempts=220/252 elapsed=967.2s
CasADi - 2026-03-05 19:24:43 WARNING("solver:nlp_g failed: NaN detected for output g, at (row 0, col 0).") [.../casadi/core/oracle_function.cpp:408]
[Oval_Track_260m attempt 227/252] accepted=551/600 elapsed=995.5s
[Oval_Track_260m attempt 237/252] accepted=553/600 elapsed=1037.6s
[Oval_Track_260m attempt 247/252] accepted=555/600 elapsed=1076.4s
[Oval_Track_260m] done accepted=555/600 attempts=252/252 elapsed=1106.7s
Done. total_accepted=555 total_attempts=4935 elapsed=1106.7s
[postproj_loop] loop=1 finished current=555/600 delta=39
[postproj_loop] loop=2/50 current=555/600
Logging to results/dataset_runs/postproj_repairs_20260305_192702.log

******************************************************************************
This program contains Ipopt, a library for large-scale nonlinear optimization.
 Ipopt is released as open source code under the Eclipse Public License (EPL).
         For more information visit https://github.com/coin-or/Ipopt
******************************************************************************

[Oval_Track_260m attempt 5/135] accepted=556/600 elapsed=18.2s
[Oval_Track_260m attempt 15/135] accepted=558/600 elapsed=71.7s
[Oval_Track_260m attempt 25/135] accepted=559/600 elapsed=110.5s
[Oval_Track_260m accepted 560/600] attempts=31/135 elapsed=138.3s
[Oval_Track_260m attempt 35/135] accepted=560/600 elapsed=149.0s
[Oval_Track_260m attempt 45/135] accepted=562/600 elapsed=190.2s
[Oval_Track_260m attempt 55/135] accepted=563/600 elapsed=233.9s
[Oval_Track_260m attempt 65/135] accepted=567/600 elapsed=273.4s
[Oval_Track_260m attempt 75/135] accepted=567/600 elapsed=323.4s
[Oval_Track_260m attempt 85/135] accepted=567/600 elapsed=366.2s
[Oval_Track_260m attempt 95/135] accepted=567/600 elapsed=411.8s
[Oval_Track_260m attempt 105/135] accepted=568/600 elapsed=461.1s
[Oval_Track_260m accepted 570/600] attempts=109/135 elapsed=487.6s
[Oval_Track_260m attempt 115/135] accepted=571/600 elapsed=515.4s
[Oval_Track_260m attempt 125/135] accepted=571/600 elapsed=561.8s
[Oval_Track_260m attempt 135/135] accepted=571/600 elapsed=604.4s
[Oval_Track_260m] done accepted=571/600 attempts=135/135 elapsed=608.5s
Done. total_accepted=571 total_attempts=5070 elapsed=608.5s
[postproj_loop] loop=2 finished current=571/600 delta=16
[postproj_loop] loop=3/50 current=571/600
Logging to results/dataset_runs/postproj_repairs_20260305_193714.log

******************************************************************************
This program contains Ipopt, a library for large-scale nonlinear optimization.
 Ipopt is released as open source code under the Eclipse Public License (EPL).
         For more information visit https://github.com/coin-or/Ipopt
******************************************************************************

[Oval_Track_260m attempt 10/87] accepted=575/600 elapsed=30.3s
[Oval_Track_260m attempt 20/87] accepted=576/600 elapsed=76.7s
[Oval_Track_260m attempt 30/87] accepted=577/600 elapsed=125.5s
[Oval_Track_260m attempt 40/87] accepted=578/600 elapsed=163.2s
[Oval_Track_260m attempt 50/87] accepted=578/600 elapsed=209.4s
[Oval_Track_260m attempt 60/87] accepted=579/600 elapsed=258.0s
[Oval_Track_260m accepted 580/600] attempts=68/87 elapsed=306.1s
[Oval_Track_260m attempt 70/87] accepted=580/600 elapsed=310.2s
[Oval_Track_260m attempt 80/87] accepted=580/600 elapsed=358.6s
[Oval_Track_260m] done accepted=580/600 attempts=87/87 elapsed=396.4s
Done. total_accepted=580 total_attempts=5157 elapsed=396.4s
[postproj_loop] loop=3 finished current=580/600 delta=9
[postproj_loop] loop=4/50 current=580/600
Logging to results/dataset_runs/postproj_repairs_20260305_194355.log

******************************************************************************
This program contains Ipopt, a library for large-scale nonlinear optimization.
 Ipopt is released as open source code under the Eclipse Public License (EPL).
         For more information visit https://github.com/coin-or/Ipopt
******************************************************************************

[Oval_Track_260m attempt 3/60] accepted=580/600 elapsed=14.1s
[Oval_Track_260m attempt 13/60] accepted=581/600 elapsed=63.2s
[Oval_Track_260m attempt 23/60] accepted=583/600 elapsed=109.7s
[Oval_Track_260m attempt 33/60] accepted=585/600 elapsed=158.7s
[Oval_Track_260m attempt 43/60] accepted=587/600 elapsed=204.4s
[Oval_Track_260m attempt 53/60] accepted=589/600 elapsed=242.2s
[Oval_Track_260m] done accepted=589/600 attempts=60/60 elapsed=281.3s
Done. total_accepted=589 total_attempts=5217 elapsed=281.4s
[postproj_loop] loop=4 finished current=589/600 delta=9
[postproj_loop] loop=5/50 current=589/600
Logging to results/dataset_runs/postproj_repairs_20260305_194840.log

******************************************************************************
This program contains Ipopt, a library for large-scale nonlinear optimization.
 Ipopt is released as open source code under the Eclipse Public License (EPL).
         For more information visit https://github.com/coin-or/Ipopt
******************************************************************************

CasADi - 2026-03-05 19:48:45 WARNING("solver:nlp_g failed: NaN detected for output g, at (row 0, col 0).") [.../casadi/core/oracle_function.cpp:408]
CasADi - 2026-03-05 19:48:45 WARNING("solver:nlp_g failed: NaN detected for output g, at (row 0, col 0).") [.../casadi/core/oracle_function.cpp:408]
CasADi - 2026-03-05 19:48:45 WARNING("solver:nlp_g failed: NaN detected for output g, at (row 0, col 0).") [.../casadi/core/oracle_function.cpp:408]
CasADi - 2026-03-05 19:48:45 WARNING("solver:nlp_g failed: NaN detected for output g, at (row 0, col 0).") [.../casadi/core/oracle_function.cpp:408]
CasADi - 2026-03-05 19:48:45 WARNING("solver:nlp_g failed: NaN detected for output g, at (row 0, col 0).") [.../casadi/core/oracle_function.cpp:408]
CasADi - 2026-03-05 19:48:45 WARNING("solver:nlp_g failed: NaN detected for output g, at (row 0, col 0).") [.../casadi/core/oracle_function.cpp:408]
CasADi - 2026-03-05 19:48:45 WARNING("solver:nlp_g failed: NaN detected for output g, at (row 0, col 0).") [.../casadi/core/oracle_function.cpp:408]
CasADi - 2026-03-05 19:48:45 WARNING("solver:nlp_g failed: NaN detected for output g, at (row 0, col 0).") [.../casadi/core/oracle_function.cpp:408]
CasADi - 2026-03-05 19:48:45 WARNING("solver:nlp_g failed: NaN detected for output g, at (row 0, col 0).") [.../casadi/core/oracle_function.cpp:408]
CasADi - 2026-03-05 19:48:45 WARNING("solver:nlp_g failed: NaN detected for output g, at (row 0, col 0).") [.../casadi/core/oracle_function.cpp:408]
CasADi - 2026-03-05 19:48:45 WARNING("solver:nlp_g failed: NaN detected for output g, at (row 0, col 0).") [.../casadi/core/oracle_function.cpp:408]
CasADi - 2026-03-05 19:48:45 WARNING("solver:nlp_g failed: NaN detected for output g, at (row 0, col 0).") [.../casadi/core/oracle_function.cpp:408]
CasADi - 2026-03-05 19:48:45 WARNING("solver:nlp_g failed: NaN detected for output g, at (row 0, col 0).") [.../casadi/core/oracle_function.cpp:408]
CasADi - 2026-03-05 19:48:45 WARNING("solver:nlp_g failed: NaN detected for output g, at (row 0, col 0).") [.../casadi/core/oracle_function.cpp:408]
CasADi - 2026-03-05 19:48:45 WARNING("solver:nlp_g failed: NaN detected for output g, at (row 0, col 0).") [.../casadi/core/oracle_function.cpp:408]
CasADi - 2026-03-05 19:48:46 WARNING("solver:nlp_g failed: NaN detected for output g, at (row 0, col 0).") [.../casadi/core/oracle_function.cpp:408]
CasADi - 2026-03-05 19:48:46 WARNING("solver:nlp_g failed: NaN detected for output g, at (row 0, col 0).") [.../casadi/core/oracle_function.cpp:408]
CasADi - 2026-03-05 19:48:46 WARNING("solver:nlp_g failed: NaN detected for output g, at (row 0, col 0).") [.../casadi/core/oracle_function.cpp:408]
CasADi - 2026-03-05 19:48:46 WARNING("solver:nlp_g failed: NaN detected for output g, at (row 0, col 0).") [.../casadi/core/oracle_function.cpp:408]
CasADi - 2026-03-05 19:48:46 WARNING("solver:nlp_g failed: NaN detected for output g, at (row 0, col 0).") [.../casadi/core/oracle_function.cpp:408]
CasADi - 2026-03-05 19:48:46 WARNING("solver:nlp_g failed: NaN detected for output g, at (row 0, col 0).") [.../casadi/core/oracle_function.cpp:408]
CasADi - 2026-03-05 19:48:46 WARNING("solver:nlp_g failed: NaN detected for output g, at (row 0, col 0).") [.../casadi/core/oracle_function.cpp:408]
CasADi - 2026-03-05 19:48:46 WARNING("solver:nlp_g failed: NaN detected for output g, at (row 0, col 0).") [.../casadi/core/oracle_function.cpp:408]
CasADi - 2026-03-05 19:48:46 WARNING("solver:nlp_g failed: NaN detected for output g, at (row 0, col 0).") [.../casadi/core/oracle_function.cpp:408]
CasADi - 2026-03-05 19:48:46 WARNING("solver:nlp_g failed: NaN detected for output g, at (row 0, col 0).") [.../casadi/core/oracle_function.cpp:408]
CasADi - 2026-03-05 19:48:46 WARNING("solver:nlp_g failed: NaN detected for output g, at (row 0, col 0).") [.../casadi/core/oracle_function.cpp:408]
CasADi - 2026-03-05 19:48:46 WARNING("solver:nlp_g failed: NaN detected for output g, at (row 0, col 0).") [.../casadi/core/oracle_function.cpp:408]
CasADi - 2026-03-05 19:48:46 WARNING("solver:nlp_g failed: NaN detected for output g, at (row 0, col 0).") [.../casadi/core/oracle_function.cpp:408]
CasADi - 2026-03-05 19:48:46 WARNING("solver:nlp_g failed: NaN detected for output g, at (row 0, col 0).") [.../casadi/core/oracle_function.cpp:408]
CasADi - 2026-03-05 19:48:46 WARNING("solver:nlp_g failed: NaN detected for output g, at (row 0, col 0).") [.../casadi/core/oracle_function.cpp:408]
CasADi - 2026-03-05 19:48:46 WARNING("solver:nlp_g failed: NaN detected for output g, at (row 0, col 0).") [.../casadi/core/oracle_function.cpp:408]
CasADi - 2026-03-05 19:48:46 WARNING("solver:nlp_g failed: NaN detected for output g, at (row 0, col 0).") [.../casadi/core/oracle_function.cpp:408]
CasADi - 2026-03-05 19:48:46 WARNING("solver:nlp_g failed: NaN detected for output g, at (row 0, col 0).") [.../casadi/core/oracle_function.cpp:408]
CasADi - 2026-03-05 19:48:46 WARNING("solver:nlp_g failed: NaN detected for output g, at (row 0, col 0).") [.../casadi/core/oracle_function.cpp:408]
CasADi - 2026-03-05 19:48:46 WARNING("solver:nlp_g failed: NaN detected for output g, at (row 0, col 0).") [.../casadi/core/oracle_function.cpp:408]
CasADi - 2026-03-05 19:48:46 WARNING("solver:nlp_g failed: NaN detected for output g, at (row 0, col 0).") [.../casadi/core/oracle_function.cpp:408]
[Oval_Track_260m attempt 3/33] accepted=589/600 elapsed=8.2s
[Oval_Track_260m attempt 13/33] accepted=589/600 elapsed=50.5s
[Oval_Track_260m accepted 590/600] attempts=14/33 elapsed=57.7s
[Oval_Track_260m attempt 23/33] accepted=591/600 elapsed=93.1s
[Oval_Track_260m attempt 33/33] accepted=593/600 elapsed=142.1s
[Oval_Track_260m] done accepted=593/600 attempts=33/33 elapsed=145.5s
Done. total_accepted=593 total_attempts=5250 elapsed=145.5s
[postproj_loop] loop=5 finished current=593/600 delta=4
[postproj_loop] loop=6/50 current=593/600
Logging to results/dataset_runs/postproj_repairs_20260305_195109.log

******************************************************************************
This program contains Ipopt, a library for large-scale nonlinear optimization.
 Ipopt is released as open source code under the Eclipse Public License (EPL).
         For more information visit https://github.com/coin-or/Ipopt
******************************************************************************

[Oval_Track_260m attempt 10/21] accepted=594/600 elapsed=46.1s
[Oval_Track_260m attempt 20/21] accepted=594/600 elapsed=90.8s
[Oval_Track_260m] done accepted=594/600 attempts=21/21 elapsed=98.2s
Done. total_accepted=594 total_attempts=5271 elapsed=98.2s
[postproj_loop] loop=6 finished current=594/600 delta=1
[postproj_loop] loop=7/50 current=594/600
Logging to results/dataset_runs/postproj_repairs_20260305_195251.log

******************************************************************************
This program contains Ipopt, a library for large-scale nonlinear optimization.
 Ipopt is released as open source code under the Eclipse Public License (EPL).
         For more information visit https://github.com/coin-or/Ipopt
******************************************************************************

[Oval_Track_260m attempt 9/18] accepted=594/600 elapsed=39.3s
[Oval_Track_260m] done accepted=595/600 attempts=18/18 elapsed=81.1s
Done. total_accepted=595 total_attempts=5289 elapsed=81.1s
[postproj_loop] loop=7 finished current=595/600 delta=1
[postproj_loop] loop=8/50 current=595/600
Logging to results/dataset_runs/postproj_repairs_20260305_195416.log
[Oval_Track_260m attempt 1/15] accepted=595/600 elapsed=0.0s

******************************************************************************
This program contains Ipopt, a library for large-scale nonlinear optimization.
 Ipopt is released as open source code under the Eclipse Public License (EPL).
         For more information visit https://github.com/coin-or/Ipopt
******************************************************************************

[Oval_Track_260m attempt 11/15] accepted=596/600 elapsed=51.2s
[Oval_Track_260m] done accepted=596/600 attempts=15/15 elapsed=73.7s
Done. total_accepted=596 total_attempts=5304 elapsed=73.7s
[postproj_loop] loop=8 finished current=596/600 delta=1
[postproj_loop] loop=9/50 current=596/600
Logging to results/dataset_runs/postproj_repairs_20260305_195534.log

******************************************************************************
This program contains Ipopt, a library for large-scale nonlinear optimization.
 Ipopt is released as open source code under the Eclipse Public License (EPL).
         For more information visit https://github.com/coin-or/Ipopt
******************************************************************************

[Oval_Track_260m attempt 6/12] accepted=596/600 elapsed=23.6s
[Oval_Track_260m] done accepted=597/600 attempts=12/12 elapsed=71.1s
Done. total_accepted=597 total_attempts=5316 elapsed=71.2s
[postproj_loop] loop=9 finished current=597/600 delta=1
[postproj_loop] loop=10/50 current=597/600
Logging to results/dataset_runs/postproj_repairs_20260305_195649.log

******************************************************************************
This program contains Ipopt, a library for large-scale nonlinear optimization.
 Ipopt is released as open source code under the Eclipse Public License (EPL).
         For more information visit https://github.com/coin-or/Ipopt
******************************************************************************

[Oval_Track_260m attempt 4/9] accepted=597/600 elapsed=13.6s
[Oval_Track_260m] done accepted=597/600 attempts=9/9 elapsed=45.2s
Done. total_accepted=597 total_attempts=5325 elapsed=45.2s
[postproj_loop] loop=10 finished current=597/600 delta=0
[postproj_loop] no progress (1/5)
[postproj_loop] loop=11/50 current=597/600
Logging to results/dataset_runs/postproj_repairs_20260305_195737.log

******************************************************************************
This program contains Ipopt, a library for large-scale nonlinear optimization.
 Ipopt is released as open source code under the Eclipse Public License (EPL).
         For more information visit https://github.com/coin-or/Ipopt
******************************************************************************

[Oval_Track_260m attempt 5/9] accepted=598/600 elapsed=22.2s
[Oval_Track_260m] done accepted=598/600 attempts=9/9 elapsed=44.9s
Done. total_accepted=598 total_attempts=5334 elapsed=45.0s
[postproj_loop] loop=11 finished current=598/600 delta=1
[postproj_loop] loop=12/50 current=598/600
Logging to results/dataset_runs/postproj_repairs_20260305_195826.log

******************************************************************************
This program contains Ipopt, a library for large-scale nonlinear optimization.
 Ipopt is released as open source code under the Eclipse Public License (EPL).
         For more information visit https://github.com/coin-or/Ipopt
******************************************************************************

[Oval_Track_260m accepted 600/600] attempts=4/6 elapsed=23.0s
[Oval_Track_260m] done accepted=600/600 attempts=4/6 elapsed=23.0s
Done. total_accepted=600 total_attempts=5338 elapsed=23.0s
[postproj_loop] loop=12 finished current=600/600 delta=2
[postproj_loop] target reached.
