
******************************************************************************
This program contains Ipopt, a library for large-scale nonlinear optimization.
 Ipopt is released as open source code under the Eclipse Public License (EPL).
         For more information visit https://github.com/coin-or/Ipopt
******************************************************************************

[Oval_Track_260m attempt 2/117] accepted=261/300 elapsed=5.9s
[Oval_Track_260m attempt 12/117] accepted=264/300 elapsed=48.3s
[Oval_Track_260m attempt 22/117] accepted=266/300 elapsed=88.3s
[Oval_Track_260m attempt 32/117] accepted=267/300 elapsed=130.8s
[Oval_Track_260m attempt 42/117] accepted=267/300 elapsed=174.8s
[Oval_Track_260m attempt 52/117] accepted=267/300 elapsed=223.2s
[Oval_Track_260m attempt 62/117] accepted=267/300 elapsed=275.1s
CasADi - 2026-03-04 23:38:31 WARNING("solver:nlp_g failed: NaN detected for output g, at (row 0, col 0).") [.../casadi/core/oracle_function.cpp:408]
[Oval_Track_260m attempt 72/117] accepted=267/300 elapsed=323.2s
[Oval_Track_260m attempt 82/117] accepted=268/300 elapsed=366.8s
[Oval_Track_260m attempt 92/117] accepted=269/300 elapsed=424.9s
[Oval_Track_260m accepted 270/300] attempts=97/117 elapsed=447.1s
[Oval_Track_260m attempt 102/117] accepted=270/300 elapsed=465.8s
[Oval_Track_260m attempt 112/117] accepted=272/300 elapsed=501.2s
[Oval_Track_260m] done accepted=272/300 attempts=117/117 elapsed=529.0s
Done. total_accepted=272 total_attempts=2535 elapsed=529.0s
