[postproj_loop] wrapper_log=results/dataset_runs/postproj_repairs_loop_20260304_181243.log
[postproj_loop] map_name=Oval_Track_260m
[postproj_loop] manifest_path=data/datasets/Oval_Track_260m_repairs_postproj/manifest.jsonl
[postproj_loop] total_target=120
[postproj_loop] max_loops=50
[postproj_loop] max_no_progress_loops=5
[postproj_loop] start_count=73
[postproj_loop] loop=1/50 current=73/120
Logging to results/dataset_runs/postproj_repairs_20260304_181243.log

******************************************************************************
This program contains Ipopt, a library for large-scale nonlinear optimization.
 Ipopt is released as open source code under the Eclipse Public License (EPL).
         For more information visit https://github.com/coin-or/Ipopt
******************************************************************************

[Oval_Track_260m attempt 10/141] accepted=73/120 elapsed=37.4s
[Oval_Track_260m attempt 20/141] accepted=75/120 elapsed=82.3s
[Oval_Track_260m attempt 30/141] accepted=77/120 elapsed=129.3s
[Oval_Track_260m accepted 80/120] attempts=39/141 elapsed=179.0s
[Oval_Track_260m attempt 40/141] accepted=80/120 elapsed=179.7s
[Oval_Track_260m attempt 50/141] accepted=83/120 elapsed=230.1s
[Oval_Track_260m attempt 60/141] accepted=85/120 elapsed=280.5s
[Oval_Track_260m attempt 70/141] accepted=86/120 elapsed=337.4s
[Oval_Track_260m attempt 80/141] accepted=86/120 elapsed=390.3s
[Oval_Track_260m attempt 90/141] accepted=87/120 elapsed=435.5s
[Oval_Track_260m attempt 100/141] accepted=87/120 elapsed=486.5s
[Oval_Track_260m attempt 110/141] accepted=87/120 elapsed=533.9s
CasADi - 2026-03-04 18:21:42 WARNING("solver:nlp_g failed: NaN detected for output g, at (row 1, col 0).") [.../casadi/core/oracle_function.cpp:408]
[Oval_Track_260m attempt 120/141] accepted=88/120 elapsed=588.0s
[Oval_Track_260m attempt 130/141] accepted=89/120 elapsed=642.1s
[Oval_Track_260m accepted 90/120] attempts=137/141 elapsed=680.2s
[Oval_Track_260m attempt 140/141] accepted=90/120 elapsed=692.9s
[Oval_Track_260m] done accepted=90/120 attempts=141/141 elapsed=700.5s
Done. total_accepted=90 total_attempts=741 elapsed=700.5s
[postproj_loop] loop=1 finished current=90/120 delta=17
[postproj_loop] loop=2/50 current=90/120
Logging to results/dataset_runs/postproj_repairs_20260304_182427.log

******************************************************************************
This program contains Ipopt, a library for large-scale nonlinear optimization.
 Ipopt is released as open source code under the Eclipse Public License (EPL).
         For more information visit https://github.com/coin-or/Ipopt
******************************************************************************

[Oval_Track_260m attempt 9/90] accepted=90/120 elapsed=37.2s
CasADi - 2026-03-04 18:25:32 WARNING("solver:nlp_g failed: NaN detected for output g, at (row 1, col 0).") [.../casadi/core/oracle_function.cpp:408]
[Oval_Track_260m attempt 19/90] accepted=90/120 elapsed=87.3s
[Oval_Track_260m attempt 29/90] accepted=91/120 elapsed=126.7s
[Oval_Track_260m attempt 39/90] accepted=92/120 elapsed=171.5s
[Oval_Track_260m attempt 49/90] accepted=93/120 elapsed=222.8s
[Oval_Track_260m attempt 59/90] accepted=94/120 elapsed=273.8s
[Oval_Track_260m attempt 69/90] accepted=95/120 elapsed=317.1s
[Oval_Track_260m attempt 79/90] accepted=95/120 elapsed=364.7s
[Oval_Track_260m attempt 89/90] accepted=96/120 elapsed=416.0s
[Oval_Track_260m] done accepted=96/120 attempts=90/90 elapsed=424.0s
Done. total_accepted=96 total_attempts=831 elapsed=424.0s
[postproj_loop] loop=2 finished current=96/120 delta=6
[postproj_loop] loop=3/50 current=96/120
Logging to results/dataset_runs/postproj_repairs_20260304_183135.log

******************************************************************************
This program contains Ipopt, a library for large-scale nonlinear optimization.
 Ipopt is released as open source code under the Eclipse Public License (EPL).
         For more information visit https://github.com/coin-or/Ipopt
******************************************************************************

[Oval_Track_260m accepted 100/120] attempts=7/72 elapsed=32.9s
[Oval_Track_260m attempt 9/72] accepted=100/120 elapsed=38.3s
CasADi - 2026-03-04 18:32:28 WARNING("solver:nlp_g failed: NaN detected for output g, at (row 1, col 0).") [.../casadi/core/oracle_function.cpp:408]
[Oval_Track_260m attempt 19/72] accepted=101/120 elapsed=83.9s
[Oval_Track_260m attempt 29/72] accepted=103/120 elapsed=140.7s
CasADi - 2026-03-04 18:34:24 WARNING("solver:nlp_g failed: NaN detected for output g, at (row 1, col 0).") [.../casadi/core/oracle_function.cpp:408]
[Oval_Track_260m attempt 39/72] accepted=104/120 elapsed=191.3s
[Oval_Track_260m attempt 49/72] accepted=104/120 elapsed=241.6s
[Oval_Track_260m attempt 59/72] accepted=105/120 elapsed=283.2s
[Oval_Track_260m attempt 69/72] accepted=107/120 elapsed=333.4s
[Oval_Track_260m] done accepted=107/120 attempts=72/72 elapsed=348.3s
Done. total_accepted=107 total_attempts=903 elapsed=348.3s
[postproj_loop] loop=3 finished current=107/120 delta=11
[postproj_loop] loop=4/50 current=107/120
Logging to results/dataset_runs/postproj_repairs_20260304_183727.log

******************************************************************************
This program contains Ipopt, a library for large-scale nonlinear optimization.
 Ipopt is released as open source code under the Eclipse Public License (EPL).
         For more information visit https://github.com/coin-or/Ipopt
******************************************************************************

CasADi - 2026-03-04 18:37:31 WARNING("solver:nlp_g failed: NaN detected for output g, at (row 0, col 0).") [.../casadi/core/oracle_function.cpp:408]
[Oval_Track_260m attempt 7/39] accepted=108/120 elapsed=26.3s
[Oval_Track_260m attempt 17/39] accepted=109/120 elapsed=67.1s
[Oval_Track_260m accepted 110/120] attempts=21/39 elapsed=96.7s
[Oval_Track_260m attempt 27/39] accepted=112/120 elapsed=123.7s
[Oval_Track_260m attempt 37/39] accepted=112/120 elapsed=174.3s
[Oval_Track_260m] done accepted=112/120 attempts=39/39 elapsed=185.6s
Done. total_accepted=112 total_attempts=942 elapsed=185.6s
[postproj_loop] loop=4 finished current=112/120 delta=5
[postproj_loop] loop=5/50 current=112/120
Logging to results/dataset_runs/postproj_repairs_20260304_184036.log

******************************************************************************
This program contains Ipopt, a library for large-scale nonlinear optimization.
 Ipopt is released as open source code under the Eclipse Public License (EPL).
         For more information visit https://github.com/coin-or/Ipopt
******************************************************************************

[Oval_Track_260m attempt 8/24] accepted=113/120 elapsed=34.2s
[Oval_Track_260m attempt 18/24] accepted=114/120 elapsed=72.0s
[Oval_Track_260m] done accepted=114/120 attempts=24/24 elapsed=98.6s
Done. total_accepted=114 total_attempts=966 elapsed=98.6s
[postproj_loop] loop=5 finished current=114/120 delta=2
[postproj_loop] loop=6/50 current=114/120
Logging to results/dataset_runs/postproj_repairs_20260304_184218.log

******************************************************************************
This program contains Ipopt, a library for large-scale nonlinear optimization.
 Ipopt is released as open source code under the Eclipse Public License (EPL).
         For more information visit https://github.com/coin-or/Ipopt
******************************************************************************

[Oval_Track_260m attempt 4/18] accepted=114/120 elapsed=15.2s
[Oval_Track_260m attempt 14/18] accepted=116/120 elapsed=61.0s
[Oval_Track_260m] done accepted=116/120 attempts=18/18 elapsed=89.0s
Done. total_accepted=116 total_attempts=984 elapsed=89.0s
[postproj_loop] loop=6 finished current=116/120 delta=2
[postproj_loop] loop=7/50 current=116/120
Logging to results/dataset_runs/postproj_repairs_20260304_184352.log

******************************************************************************
This program contains Ipopt, a library for large-scale nonlinear optimization.
 Ipopt is released as open source code under the Eclipse Public License (EPL).
         For more information visit https://github.com/coin-or/Ipopt
******************************************************************************

[Oval_Track_260m attempt 6/12] accepted=117/120 elapsed=19.6s
[Oval_Track_260m] done accepted=117/120 attempts=12/12 elapsed=60.4s
Done. total_accepted=117 total_attempts=996 elapsed=60.4s
[postproj_loop] loop=7 finished current=117/120 delta=1
[postproj_loop] loop=8/50 current=117/120
Logging to results/dataset_runs/postproj_repairs_20260304_184456.log

******************************************************************************
This program contains Ipopt, a library for large-scale nonlinear optimization.
 Ipopt is released as open source code under the Eclipse Public License (EPL).
         For more information visit https://github.com/coin-or/Ipopt
******************************************************************************

[Oval_Track_260m attempt 4/9] accepted=118/120 elapsed=10.6s
[Oval_Track_260m accepted 120/120] attempts=9/9 elapsed=37.1s
[Oval_Track_260m] done accepted=120/120 attempts=9/9 elapsed=37.1s
Done. total_accepted=120 total_attempts=1005 elapsed=37.1s
[postproj_loop] loop=8 finished current=120/120 delta=3
[postproj_loop] target reached.
