[postproj_loop] wrapper_log=results/dataset_runs/postproj_repairs_loop_20260305_164710.log
[postproj_loop] map_name=Oval_Track_260m
[postproj_loop] manifest_path=data/datasets/Oval_Track_260m_repairs_postproj/manifest.jsonl
[postproj_loop] total_target=600
[postproj_loop] max_loops=50
[postproj_loop] max_no_progress_loops=5
[postproj_loop] single_map_cap=0
[postproj_loop] start_count=348
[postproj_loop] loop=1/50 current=348/600
Logging to results/dataset_runs/postproj_repairs_20260305_164710.log
[Oval_Track_260m attempt 1/756] accepted=348/600 elapsed=0.0s

******************************************************************************
This program contains Ipopt, a library for large-scale nonlinear optimization.
 Ipopt is released as open source code under the Eclipse Public License (EPL).
         For more information visit https://github.com/coin-or/Ipopt
******************************************************************************

[Oval_Track_260m attempt 11/756] accepted=349/600 elapsed=48.1s
[Oval_Track_260m accepted 350/600] attempts=11/756 elapsed=50.9s
[Oval_Track_260m attempt 21/756] accepted=350/600 elapsed=96.6s
[Oval_Track_260m attempt 31/756] accepted=350/600 elapsed=145.7s
[Oval_Track_260m attempt 41/756] accepted=351/600 elapsed=182.3s
[Oval_Track_260m attempt 51/756] accepted=352/600 elapsed=222.5s
[Oval_Track_260m attempt 61/756] accepted=353/600 elapsed=270.7s
[Oval_Track_260m attempt 71/756] accepted=354/600 elapsed=307.6s
[Oval_Track_260m attempt 81/756] accepted=357/600 elapsed=344.4s
[Oval_Track_260m attempt 91/756] accepted=357/600 elapsed=393.7s
[Oval_Track_260m attempt 101/756] accepted=358/600 elapsed=437.7s
[Oval_Track_260m attempt 111/756] accepted=359/600 elapsed=478.0s
[Oval_Track_260m accepted 360/600] attempts=118/756 elapsed=514.0s
[Oval_Track_260m attempt 121/756] accepted=360/600 elapsed=526.3s
CasADi - 2026-03-05 16:56:36 WARNING("solver:nlp_g failed: NaN detected for output g, at (row 0, col 0).") [.../casadi/core/oracle_function.cpp:408]
CasADi - 2026-03-05 16:56:36 WARNING("solver:nlp_g failed: NaN detected for output g, at (row 0, col 0).") [.../casadi/core/oracle_function.cpp:408]
[Oval_Track_260m attempt 131/756] accepted=361/600 elapsed=584.9s
[Oval_Track_260m attempt 141/756] accepted=362/600 elapsed=642.0s
[Oval_Track_260m attempt 151/756] accepted=363/600 elapsed=687.1s
[Oval_Track_260m attempt 161/756] accepted=364/600 elapsed=743.4s
[Oval_Track_260m attempt 171/756] accepted=364/600 elapsed=791.3s
[Oval_Track_260m attempt 181/756] accepted=364/600 elapsed=838.7s
[Oval_Track_260m attempt 191/756] accepted=368/600 elapsed=877.6s
[Oval_Track_260m attempt 201/756] accepted=369/600 elapsed=937.3s
[Oval_Track_260m accepted 370/600] attempts=202/756 elapsed=944.5s
[Oval_Track_260m attempt 211/756] accepted=372/600 elapsed=979.7s
[Oval_Track_260m attempt 221/756] accepted=375/600 elapsed=1018.3s
[Oval_Track_260m attempt 231/756] accepted=376/600 elapsed=1073.0s
[Oval_Track_260m attempt 241/756] accepted=378/600 elapsed=1115.1s
[Oval_Track_260m accepted 380/600] attempts=248/756 elapsed=1153.0s
[Oval_Track_260m attempt 251/756] accepted=380/600 elapsed=1164.4s
