[postproj_loop] wrapper_log=results/dataset_runs/postproj_repairs_loop_20260304_185628.log
[postproj_loop] map_name=Oval_Track_260m
[postproj_loop] manifest_path=data/datasets/Oval_Track_260m_repairs_postproj/manifest.jsonl
[postproj_loop] total_target=600
[postproj_loop] max_loops=50
[postproj_loop] max_no_progress_loops=5
[postproj_loop] single_map_cap=300
[postproj_loop] start_count=130
[postproj_loop] loop=1/50 current=130/600
Logging to results/dataset_runs/postproj_repairs_20260304_185628.log
[run_postprojection_repairs] Single-map trace detected; capping POSTPROJ_REPAIRS 600 -> 300 for safety.
[Oval_Track_260m attempt 1/510] accepted=130/300 elapsed=0.0s

******************************************************************************
This program contains Ipopt, a library for large-scale nonlinear optimization.
 Ipopt is released as open source code under the Eclipse Public License (EPL).
         For more information visit https://github.com/coin-or/Ipopt
******************************************************************************

[Oval_Track_260m attempt 11/510] accepted=130/300 elapsed=48.2s
[Oval_Track_260m attempt 21/510] accepted=130/300 elapsed=94.3s
[Oval_Track_260m attempt 31/510] accepted=132/300 elapsed=135.9s
[Oval_Track_260m attempt 41/510] accepted=133/300 elapsed=183.0s
CasADi - 2026-03-04 19:00:18 WARNING("solver:nlp_g failed: NaN detected for output g, at (row 0, col 0).") [.../casadi/core/oracle_function.cpp:408]
[Oval_Track_260m attempt 51/510] accepted=133/300 elapsed=233.9s
[Oval_Track_260m attempt 61/510] accepted=134/300 elapsed=276.0s
[Oval_Track_260m attempt 71/510] accepted=135/300 elapsed=325.8s
[Oval_Track_260m attempt 81/510] accepted=136/300 elapsed=370.3s
[Oval_Track_260m attempt 91/510] accepted=136/300 elapsed=420.8s
[Oval_Track_260m attempt 101/510] accepted=137/300 elapsed=465.3s
[Oval_Track_260m attempt 111/510] accepted=139/300 elapsed=504.7s
[Oval_Track_260m accepted 140/300] attempts=120/510 elapsed=545.7s
[Oval_Track_260m attempt 121/510] accepted=140/300 elapsed=546.2s
[Oval_Track_260m attempt 131/510] accepted=140/300 elapsed=597.4s
[Oval_Track_260m attempt 141/510] accepted=142/300 elapsed=646.5s
[Oval_Track_260m attempt 151/510] accepted=142/300 elapsed=687.5s
[Oval_Track_260m attempt 161/510] accepted=142/300 elapsed=731.3s
[Oval_Track_260m attempt 171/510] accepted=142/300 elapsed=783.3s
[Oval_Track_260m attempt 181/510] accepted=142/300 elapsed=830.7s
[Oval_Track_260m attempt 191/510] accepted=143/300 elapsed=878.2s
[Oval_Track_260m attempt 201/510] accepted=145/300 elapsed=916.6s
[Oval_Track_260m attempt 211/510] accepted=148/300 elapsed=967.7s
[Oval_Track_260m attempt 221/510] accepted=148/300 elapsed=1023.0s
[Oval_Track_260m attempt 231/510] accepted=149/300 elapsed=1066.7s
[Oval_Track_260m accepted 150/300] attempts=233/510 elapsed=1087.3s
[Oval_Track_260m attempt 241/510] accepted=151/300 elapsed=1113.9s
[Oval_Track_260m attempt 251/510] accepted=155/300 elapsed=1154.9s
