[run_full_dataset] Oval FATROP clean dataset (N=150): stage 1 base laps
[Oval_Track_260m] base lap noobs_00 already present; skipping.
[Oval_Track_260m] base lap noobs_01 already present; skipping.
[Oval_Track_260m] base lap noobs_02 already present; skipping.
[Oval_Track_260m] base lap noobs_03 already present; skipping.
[Oval_Track_260m] base lap noobs_04 already present; skipping.
[Oval_Track_260m] base lap noobs_05 already present; skipping.
[Oval_Track_260m] obstacle lap obs_00 already present; skipping.
[Oval_Track_260m] obstacle lap obs_01 already present; skipping.
[Oval_Track_260m] obstacle lap obs_02 already present; skipping.
[Oval_Track_260m] obstacle lap obs_03 already present; skipping.
[Oval_Track_260m] obstacle lap obs_04 already present; skipping.
[Oval_Track_260m] obstacle lap obs_05 already present; skipping.
[Oval_Track_260m] obstacle lap obs_06 already present; skipping.
[Oval_Track_260m] obstacle lap obs_07 already present; skipping.
[Oval_Track_260m] obstacle lap obs_08 already present; skipping.
[Oval_Track_260m] obstacle lap obs_09 already present; skipping.
[Oval_Track_260m] obstacle lap obs_10 already present; skipping.
[Oval_Track_260m] obstacle lap obs_11 already present; skipping.
[Oval_Track_260m] obstacle lap obs_12 already present; skipping.
[Oval_Track_260m] obstacle lap obs_13 already present; skipping.
[Oval_Track_260m] obstacle lap obs_14 already present; skipping.
[run_full_dataset] Oval FATROP clean dataset (N=150): stage 2 shifts
Done. accepted=3171 elapsed=0.0s
[run_full_dataset] Oval FATROP clean dataset (N=150): stage 3 hard repairs
[attempt 10/2000] repairs accepted=9/400 elapsed=9.4s
[accepted 10/400] attempts=11/2000 elapsed=18.1s
[attempt 20/2000] repairs accepted=17/400 elapsed=29.3s
[accepted 20/400] attempts=22/2000 elapsed=30.3s
[attempt 30/2000] repairs accepted=27/400 elapsed=49.0s
[accepted 30/400] attempts=32/2000 elapsed=51.5s
[attempt 40/2000] repairs accepted=37/400 elapsed=58.1s
KeyboardInterrupt
CasADi - 2026-03-07 14:44:43 WARNING("solver:nlp_g failed: NaN detected for output g, at (row 415, col 0).") [.../casadi/core/oracle_function.cpp:408]
[accepted 40/400] attempts=45/2000 elapsed=89.7s
[attempt 50/2000] repairs accepted=44/400 elapsed=94.9s
[accepted 50/400] attempts=59/2000 elapsed=127.9s
[attempt 60/2000] repairs accepted=50/400 elapsed=127.9s
[attempt 70/2000] repairs accepted=59/400 elapsed=137.5s
[accepted 60/400] attempts=70/2000 elapsed=140.6s
[attempt 80/2000] repairs accepted=68/400 elapsed=159.2s
[accepted 70/400] attempts=82/2000 elapsed=171.8s
CasADi - 2026-03-07 14:46:19 WARNING("solver:nlp_g failed: NaN detected for output g, at (row 1, col 0).") [.../casadi/core/oracle_function.cpp:408]
CasADi - 2026-03-07 14:46:21 WARNING("solver:nlp_g failed: NaN detected for output g, at (row 0, col 0).") [.../casadi/core/oracle_function.cpp:408]
CasADi - 2026-03-07 14:46:21 WARNING("solver:nlp_g failed: NaN detected for output g, at (row 0, col 0).") [.../casadi/core/oracle_function.cpp:408]
CasADi - 2026-03-07 14:46:21 WARNING("solver:nlp_g failed: NaN detected for output g, at (row 0, col 0).") [.../casadi/core/oracle_function.cpp:408]
CasADi - 2026-03-07 14:46:21 WARNING("solver:nlp_g failed: NaN detected for output g, at (row 0, col 0).") [.../casadi/core/oracle_function.cpp:408]
CasADi - 2026-03-07 14:46:21 WARNING("solver:nlp_g failed: NaN detected for output g, at (row 0, col 0).") [.../casadi/core/oracle_function.cpp:408]
CasADi - 2026-03-07 14:46:21 WARNING("solver:nlp_g failed: NaN detected for output g, at (row 0, col 0).") [.../casadi/core/oracle_function.cpp:408]
CasADi - 2026-03-07 14:46:21 WARNING("solver:nlp_g failed: NaN detected for output g, at (row 0, col 0).") [.../casadi/core/oracle_function.cpp:408]
CasADi - 2026-03-07 14:46:21 WARNING("solver:nlp_g failed: NaN detected for output g, at (row 0, col 0).") [.../casadi/core/oracle_function.cpp:408]
CasADi - 2026-03-07 14:46:21 WARNING("solver:nlp_g failed: NaN detected for output g, at (row 0, col 0).") [.../casadi/core/oracle_function.cpp:408]
[attempt 90/2000] repairs accepted=76/400 elapsed=187.7s
[accepted 80/400] attempts=94/2000 elapsed=207.3s
[attempt 100/2000] repairs accepted=85/400 elapsed=216.1s
KeyboardInterrupt
[accepted 90/400] attempts=105/2000 elapsed=232.2s
[attempt 110/2000] repairs accepted=94/400 elapsed=234.8s
[accepted 100/400] attempts=116/2000 elapsed=241.6s
[attempt 120/2000] repairs accepted=103/400 elapsed=243.6s
[accepted 110/400] attempts=129/2000 elapsed=263.7s
[attempt 130/2000] repairs accepted=110/400 elapsed=263.7s
[accepted 120/400] attempts=139/2000 elapsed=274.6s
[attempt 140/2000] repairs accepted=120/400 elapsed=274.6s
[attempt 150/2000] repairs accepted=128/400 elapsed=291.6s
[accepted 130/400] attempts=151/2000 elapsed=292.6s
KeyboardInterrupt
[attempt 160/2000] repairs accepted=136/400 elapsed=324.4s
[accepted 140/400] attempts=163/2000 elapsed=327.5s
[attempt 170/2000] repairs accepted=144/400 elapsed=335.4s
[accepted 150/400] attempts=175/2000 elapsed=342.8s
[attempt 180/2000] repairs accepted=153/400 elapsed=344.6s
[attempt 190/2000] repairs accepted=158/400 elapsed=378.2s
[accepted 160/400] attempts=191/2000 elapsed=379.8s
KeyboardInterrupt
[attempt 200/2000] repairs accepted=167/400 elapsed=409.0s
[accepted 170/400] attempts=203/2000 elapsed=414.4s
[attempt 210/2000] repairs accepted=175/400 elapsed=426.8s
[accepted 180/400] attempts=215/2000 elapsed=440.4s
[attempt 220/2000] repairs accepted=184/400 elapsed=445.6s
KeyboardInterrupt
[accepted 190/400] attempts=228/2000 elapsed=486.3s
[attempt 230/2000] repairs accepted=191/400 elapsed=486.5s
[accepted 200/400] attempts=239/2000 elapsed=506.8s
[attempt 240/2000] repairs accepted=200/400 elapsed=506.8s
[attempt 250/2000] repairs accepted=206/400 elapsed=522.7s
[accepted 210/400] attempts=253/2000 elapsed=526.9s
[attempt 260/2000] repairs accepted=216/400 elapsed=533.6s
[accepted 220/400] attempts=263/2000 elapsed=542.7s
KeyboardInterrupt
[attempt 270/2000] repairs accepted=225/400 elapsed=562.1s
[accepted 230/400] attempts=276/2000 elapsed=585.5s
[attempt 280/2000] repairs accepted=233/400 elapsed=590.5s
[accepted 240/400] attempts=286/2000 elapsed=596.5s
[attempt 290/2000] repairs accepted=243/400 elapsed=599.4s
[accepted 250/400] attempts=299/2000 elapsed=633.9s
[attempt 300/2000] repairs accepted=250/400 elapsed=633.9s
[attempt 310/2000] repairs accepted=258/400 elapsed=641.0s
[accepted 260/400] attempts=311/2000 elapsed=643.4s
[attempt 320/2000] repairs accepted=267/400 elapsed=651.7s
[accepted 270/400] attempts=323/2000 elapsed=655.7s
[attempt 330/2000] repairs accepted=276/400 elapsed=663.9s
[accepted 280/400] attempts=335/2000 elapsed=674.3s
[attempt 340/2000] repairs accepted=283/400 elapsed=678.8s
KeyboardInterrupt
[accepted 290/400] attempts=347/2000 elapsed=696.7s
[attempt 350/2000] repairs accepted=292/400 elapsed=700.0s
[attempt 360/2000] repairs accepted=298/400 elapsed=733.2s
[accepted 300/400] attempts=361/2000 elapsed=739.7s
KeyboardInterrupt
[attempt 370/2000] repairs accepted=306/400 elapsed=777.4s
[accepted 310/400] attempts=375/2000 elapsed=806.7s
[attempt 380/2000] repairs accepted=314/400 elapsed=811.2s
[accepted 320/400] attempts=385/2000 elapsed=823.3s
[attempt 390/2000] repairs accepted=323/400 elapsed=838.4s
[accepted 330/400] attempts=396/2000 elapsed=846.7s
[attempt 400/2000] repairs accepted=333/400 elapsed=851.7s
[accepted 340/400] attempts=407/2000 elapsed=873.3s
[attempt 410/2000] repairs accepted=342/400 elapsed=874.4s
[accepted 350/400] attempts=419/2000 elapsed=888.9s
[attempt 420/2000] repairs accepted=350/400 elapsed=888.9s
[attempt 430/2000] repairs accepted=358/400 elapsed=908.3s
[accepted 360/400] attempts=431/2000 elapsed=910.1s
[attempt 440/2000] repairs accepted=365/400 elapsed=923.8s
[accepted 370/400] attempts=446/2000 elapsed=936.2s
[attempt 450/2000] repairs accepted=372/400 elapsed=944.4s
[accepted 380/400] attempts=457/2000 elapsed=957.8s
[attempt 460/2000] repairs accepted=381/400 elapsed=962.6s
[accepted 390/400] attempts=469/2000 elapsed=983.7s
[attempt 470/2000] repairs accepted=390/400 elapsed=983.7s
[attempt 480/2000] repairs accepted=399/400 elapsed=999.9s
[accepted 400/400] attempts=481/2000 elapsed=1005.8s
Done. accepted=400/400 attempts=481/2000 elapsed=1005.8s
[run_full_dataset] Oval FATROP clean dataset (N=150): stage 4 post-projection repairs
[run_full_dataset] using trace glob: dt/checkpoints/*/warmstarts/eval/*/warmstart_eval_*_rollout_trace.jsonl
[postproj_loop] wrapper_log=results/dataset_runs/postproj_repairs_loop_20260307_150006.log
[postproj_loop] map_name=Oval_Track_260m
[postproj_loop] manifest_path=data/datasets/Oval_Track_260m_repairs_postproj_fatrop_clean/manifest.jsonl
[postproj_loop] output_suffix=repairs_postproj_fatrop_clean
[postproj_loop] total_target=1000
[postproj_loop] max_loops=50
[postproj_loop] max_no_progress_loops=5
[postproj_loop] single_map_cap=0
[postproj_loop] start_count=0
[postproj_loop] loop=1/50 current=0/1000
Logging to results/dataset_runs/postproj_repairs_20260307_150006.log
[Oval_Track_260m attempt 10/3000] accepted=0/1000 elapsed=40.9s
[Oval_Track_260m attempt 20/3000] accepted=1/1000 elapsed=83.0s
[Oval_Track_260m attempt 30/3000] accepted=3/1000 elapsed=122.5s
