[run_full_dataset] Stage 1: base laps + shifts on multiple cores
[2026-03-03 23:49:03] Starting dataset build.
[2026-03-03 23:49:03] Stage A1: base laps already present; skipping.
[2026-03-03 23:49:03] Running per-track stages in parallel (workers=3).
[2026-03-03 23:49:04] Stage A2: shifts already present for Oval_Track_260m; skipping.
[2026-03-03 23:49:04] Stage A2: shifts already present for TRACK1_280m; skipping.
[2026-03-03 23:49:04] Stage A2: shifts already present for TRACK2; skipping.
[2026-03-03 23:49:04] Stage B: target accepted repairs for Oval_Track_260m (target=0)
[2026-03-03 23:49:04] Stage B: target accepted repairs for TRACK1_280m (target=0)
[2026-03-03 23:49:04] Stage B: target accepted repairs for TRACK2 (target=0)
[2026-03-03 23:49:04] RUN: /opt/miniconda3/bin/python -u data/build_repair_segments.py --map-file maps/Oval_Track_260m.mat --base-laps-dir data/base_laps --output-dir data/datasets/Oval_Track_260m_repairs --num-segments 0 --seed 0 --H 20 --save-every 10 --resume
[2026-03-03 23:49:04] RUN: /opt/miniconda3/bin/python -u data/build_repair_segments.py --map-file maps/TRACK1_280m.mat --base-laps-dir data/base_laps --output-dir data/datasets/TRACK1_280m_repairs --num-segments 0 --seed 0 --H 20 --save-every 10 --resume
[2026-03-03 23:49:04] RUN: /opt/miniconda3/bin/python -u data/build_repair_segments.py --map-file maps/TRACK2.mat --base-laps-dir data/base_laps --output-dir data/datasets/TRACK2_repairs --num-segments 0 --seed 0 --H 20 --save-every 10 --resume
Traceback (most recent call last):
Traceback (most recent call last):
  File "/run/media/saveas/Secondary-Storage/Masters/CS234/CS234_Reinforcement_Learning/Final Project/CS234_Final_Project/data/build_repair_segments.py", line 14, in <module>
    import numpy as np
ModuleNotFoundError: No module named 'numpy'
  File "/run/media/saveas/Secondary-Storage/Masters/CS234/CS234_Reinforcement_Learning/Final Project/CS234_Final_Project/data/build_repair_segments.py", line 14, in <module>
    import numpy as np
ModuleNotFoundError: No module named 'numpy'
Traceback (most recent call last):
  File "/run/media/saveas/Secondary-Storage/Masters/CS234/CS234_Reinforcement_Learning/Final Project/CS234_Final_Project/data/build_repair_segments.py", line 14, in <module>
    import numpy as np
ModuleNotFoundError: No module named 'numpy'
[2026-03-03 23:49:04] Stage A2: shifts already present for TRACK3_300m; skipping.
[2026-03-03 23:49:04] Stage A2: shifts already present for TRACK5_330m; skipping.
[2026-03-03 23:49:04] Stage B: target accepted repairs for TRACK3_300m (target=0)
[2026-03-03 23:49:04] Stage A2: shifts already present for TRACK4_315m; skipping.
[2026-03-03 23:49:04] RUN: /opt/miniconda3/bin/python -u data/build_repair_segments.py --map-file maps/TRACK3_300m.mat --base-laps-dir data/base_laps --output-dir data/datasets/TRACK3_300m_repairs --num-segments 0 --seed 0 --H 20 --save-every 10 --resume
[2026-03-03 23:49:04] Stage B: target accepted repairs for TRACK5_330m (target=0)
[2026-03-03 23:49:04] Stage B: target accepted repairs for TRACK4_315m (target=0)
[2026-03-03 23:49:04] RUN: /opt/miniconda3/bin/python -u data/build_repair_segments.py --map-file maps/TRACK5_330m.mat --base-laps-dir data/base_laps --output-dir data/datasets/TRACK5_330m_repairs --num-segments 0 --seed 0 --H 20 --save-every 10 --resume
[2026-03-03 23:49:04] RUN: /opt/miniconda3/bin/python -u data/build_repair_segments.py --map-file maps/TRACK4_315m.mat --base-laps-dir data/base_laps --output-dir data/datasets/TRACK4_315m_repairs --num-segments 0 --seed 0 --H 20 --save-every 10 --resume
Traceback (most recent call last):
Traceback (most recent call last):
  File "/run/media/saveas/Secondary-Storage/Masters/CS234/CS234_Reinforcement_Learning/Final Project/CS234_Final_Project/data/build_repair_segments.py", line 14, in <module>
    import numpy as np
ModuleNotFoundError: No module named 'numpy'
  File "/run/media/saveas/Secondary-Storage/Masters/CS234/CS234_Reinforcement_Learning/Final Project/CS234_Final_Project/data/build_repair_segments.py", line 14, in <module>
    import numpy as np
ModuleNotFoundError: No module named 'numpy'
Traceback (most recent call last):
  File "/run/media/saveas/Secondary-Storage/Masters/CS234/CS234_Reinforcement_Learning/Final Project/CS234_Final_Project/data/build_repair_segments.py", line 14, in <module>
    import numpy as np
ModuleNotFoundError: No module named 'numpy'
Traceback (most recent call last):
  File "/run/media/saveas/Secondary-Storage/Masters/CS234/CS234_Reinforcement_Learning/Final Project/CS234_Final_Project/data/build_dataset.py", line 253, in <module>
    main()
    ~~~~^^
  File "/run/media/saveas/Secondary-Storage/Masters/CS234/CS234_Reinforcement_Learning/Final Project/CS234_Final_Project/data/build_dataset.py", line 244, in main
    fut.result()
    ~~~~~~~~~~^^
  File "/opt/miniconda3/lib/python3.13/concurrent/futures/_base.py", line 449, in result
    return self.__get_result()
           ~~~~~~~~~~~~~~~~~^^
  File "/opt/miniconda3/lib/python3.13/concurrent/futures/_base.py", line 401, in __get_result
    raise self._exception
  File "/opt/miniconda3/lib/python3.13/concurrent/futures/thread.py", line 59, in run
    result = self.fn(*self.args, **self.kwargs)
  File "/run/media/saveas/Secondary-Storage/Masters/CS234/CS234_Reinforcement_Learning/Final Project/CS234_Final_Project/data/build_dataset.py", line 165, in _process_track
    run(
    ~~~^
        [
        ^
    ...<19 lines>...
        progress_file,
        ^^^^^^^^^^^^^^
    )
    ^
  File "/run/media/saveas/Secondary-Storage/Masters/CS234/CS234_Reinforcement_Learning/Final Project/CS234_Final_Project/data/build_dataset.py", line 29, in run
    subprocess.check_call(cmd)
    ~~~~~~~~~~~~~~~~~~~~~^^^^^
  File "/opt/miniconda3/lib/python3.13/subprocess.py", line 419, in check_call
    raise CalledProcessError(retcode, cmd)
subprocess.CalledProcessError: Command '['/opt/miniconda3/bin/python', '-u', 'data/build_repair_segments.py', '--map-file', 'maps/Oval_Track_260m.mat', '--base-laps-dir', 'data/base_laps', '--output-dir', 'data/datasets/Oval_Track_260m_repairs', '--num-segments', '0', '--seed', '0', '--H', '20', '--save-every', '10', '--resume']' returned non-zero exit status 1.
